[14:19:07] [Server thread/INFO]: Loading properties
[14:19:07] [Server thread/INFO]: Default game type: SURVIVAL
[14:19:07] [Server thread/INFO]: This server is running CraftBukkit version git-Spigot-cd6ba67-6aa0fa3 (MC: 1.12) (Implementing API version 1.12-R0.1-SNAPSHOT)
[14:19:07] [Server thread/INFO]: Debug logging is disabled
[14:19:07] [Server thread/INFO]: Server Ping Player Sample Count: 12
[14:19:07] [Server thread/INFO]: Using 4 threads for Netty based IO
[14:19:07] [Server thread/INFO]: Generating keypair
[14:19:08] [Server thread/INFO]: Starting Minecraft server on *:25565
[14:19:08] [Server thread/INFO]: Using default channel type
[14:19:08] [Server thread/INFO]: Set PluginClassLoader as parallel capable
[14:19:08] [Server thread/INFO]: [MineChef] Loading MineChef v0.1-SNAPSHOT
[14:19:08] [Server thread/WARN]: **** SERVER IS RUNNING IN OFFLINE/INSECURE MODE!
[14:19:08] [Server thread/WARN]: The server will make no attempt to authenticate usernames. Beware.
[14:19:08] [Server thread/WARN]: While this makes the game possible to play without internet access, it also opens up the ability for hackers to connect with any username they choose.
[14:19:08] [Server thread/WARN]: To change this, set "online-mode" to "true" in the server.properties file.
[14:19:08] [Server thread/INFO]: **** Beginning UUID conversion, this may take A LONG time ****
[14:19:08] [Server thread/INFO]: Preparing level "world"
[14:19:08] [Server thread/INFO]: -------- World Settings For [world] --------
[14:19:08] [Server thread/INFO]: Nerfing mobs spawned from spawners: false
[14:19:08] [Server thread/INFO]: Mob Spawn Range: 4
[14:19:08] [Server thread/INFO]: Cactus Growth Modifier: 100%
[14:19:08] [Server thread/INFO]: Cane Growth Modifier: 100%
[14:19:08] [Server thread/INFO]: Melon Growth Modifier: 100%
[14:19:08] [Server thread/INFO]: Mushroom Growth Modifier: 100%
[14:19:08] [Server thread/INFO]: Pumpkin Growth Modifier: 100%
[14:19:08] [Server thread/INFO]: Sapling Growth Modifier: 100%
[14:19:08] [Server thread/INFO]: Wheat Growth Modifier: 100%
[14:19:08] [Server thread/INFO]: NetherWart Growth Modifier: 100%
[14:19:08] [Server thread/INFO]: Vine Growth Modifier: 100%
[14:19:08] [Server thread/INFO]: Cocoa Growth Modifier: 100%
[14:19:08] [Server thread/INFO]: Entity Activation Range: An 32 / Mo 32 / Mi 16
[14:19:08] [Server thread/INFO]: Entity Tracking Range: Pl 48 / An 48 / Mo 48 / Mi 32 / Other 64
[14:19:08] [Server thread/INFO]: Hopper Transfer: 8 Hopper Check: 1 Hopper Amount: 1
[14:19:08] [Server thread/INFO]: Random Lighting Updates: false
[14:19:08] [Server thread/INFO]: Structure Info Saving: true
[14:19:08] [Server thread/INFO]: Custom Map Seeds:  Village: 10387312 Feature: 14357617 Monument: 10387313 Slime: 987234911
[14:19:08] [Server thread/INFO]: Max TNT Explosions: 100
[14:19:08] [Server thread/INFO]: Tile Max Tick Time: 50ms Entity max Tick Time: 50ms
[14:19:08] [Server thread/INFO]: Allow Zombie Pigmen to spawn from portal blocks: true
[14:19:08] [Server thread/INFO]: Item Despawn Rate: 6000
[14:19:08] [Server thread/INFO]: Item Merge Radius: 2.5
[14:19:08] [Server thread/INFO]: Arrow Despawn Rate: 1200
[14:19:08] [Server thread/INFO]: View Distance: 10
[14:19:08] [Server thread/INFO]: Experience Merge Radius: 3.0
[14:19:08] [Server thread/INFO]: Zombie Aggressive Towards Villager: true
[14:19:09] [Server thread/INFO]: -------- World Settings For [world_nether] --------
[14:19:09] [Server thread/INFO]: Nerfing mobs spawned from spawners: false
[14:19:09] [Server thread/INFO]: Mob Spawn Range: 4
[14:19:09] [Server thread/INFO]: Cactus Growth Modifier: 100%
[14:19:09] [Server thread/INFO]: Cane Growth Modifier: 100%
[14:19:09] [Server thread/INFO]: Melon Growth Modifier: 100%
[14:19:09] [Server thread/INFO]: Mushroom Growth Modifier: 100%
[14:19:09] [Server thread/INFO]: Pumpkin Growth Modifier: 100%
[14:19:09] [Server thread/INFO]: Sapling Growth Modifier: 100%
[14:19:09] [Server thread/INFO]: Wheat Growth Modifier: 100%
[14:19:09] [Server thread/INFO]: NetherWart Growth Modifier: 100%
[14:19:09] [Server thread/INFO]: Vine Growth Modifier: 100%
[14:19:09] [Server thread/INFO]: Cocoa Growth Modifier: 100%
[14:19:09] [Server thread/INFO]: Entity Activation Range: An 32 / Mo 32 / Mi 16
[14:19:09] [Server thread/INFO]: Entity Tracking Range: Pl 48 / An 48 / Mo 48 / Mi 32 / Other 64
[14:19:09] [Server thread/INFO]: Hopper Transfer: 8 Hopper Check: 1 Hopper Amount: 1
[14:19:09] [Server thread/INFO]: Random Lighting Updates: false
[14:19:09] [Server thread/INFO]: Structure Info Saving: true
[14:19:09] [Server thread/INFO]: Custom Map Seeds:  Village: 10387312 Feature: 14357617 Monument: 10387313 Slime: 987234911
[14:19:09] [Server thread/INFO]: Max TNT Explosions: 100
[14:19:09] [Server thread/INFO]: Tile Max Tick Time: 50ms Entity max Tick Time: 50ms
[14:19:09] [Server thread/INFO]: Allow Zombie Pigmen to spawn from portal blocks: true
[14:19:09] [Server thread/INFO]: Item Despawn Rate: 6000
[14:19:09] [Server thread/INFO]: Item Merge Radius: 2.5
[14:19:09] [Server thread/INFO]: Arrow Despawn Rate: 1200
[14:19:09] [Server thread/INFO]: View Distance: 10
[14:19:09] [Server thread/INFO]: Experience Merge Radius: 3.0
[14:19:09] [Server thread/INFO]: Zombie Aggressive Towards Villager: true
[14:19:09] [Server thread/INFO]: -------- World Settings For [world_the_end] --------
[14:19:09] [Server thread/INFO]: Nerfing mobs spawned from spawners: false
[14:19:09] [Server thread/INFO]: Mob Spawn Range: 4
[14:19:09] [Server thread/INFO]: Cactus Growth Modifier: 100%
[14:19:09] [Server thread/INFO]: Cane Growth Modifier: 100%
[14:19:09] [Server thread/INFO]: Melon Growth Modifier: 100%
[14:19:09] [Server thread/INFO]: Mushroom Growth Modifier: 100%
[14:19:09] [Server thread/INFO]: Pumpkin Growth Modifier: 100%
[14:19:09] [Server thread/INFO]: Sapling Growth Modifier: 100%
[14:19:09] [Server thread/INFO]: Wheat Growth Modifier: 100%
[14:19:09] [Server thread/INFO]: NetherWart Growth Modifier: 100%
[14:19:09] [Server thread/INFO]: Vine Growth Modifier: 100%
[14:19:09] [Server thread/INFO]: Cocoa Growth Modifier: 100%
[14:19:09] [Server thread/INFO]: Entity Activation Range: An 32 / Mo 32 / Mi 16
[14:19:09] [Server thread/INFO]: Entity Tracking Range: Pl 48 / An 48 / Mo 48 / Mi 32 / Other 64
[14:19:09] [Server thread/INFO]: Hopper Transfer: 8 Hopper Check: 1 Hopper Amount: 1
[14:19:09] [Server thread/INFO]: Random Lighting Updates: false
[14:19:09] [Server thread/INFO]: Structure Info Saving: true
[14:19:09] [Server thread/INFO]: Custom Map Seeds:  Village: 10387312 Feature: 14357617 Monument: 10387313 Slime: 987234911
[14:19:09] [Server thread/INFO]: Max TNT Explosions: 100
[14:19:09] [Server thread/INFO]: Tile Max Tick Time: 50ms Entity max Tick Time: 50ms
[14:19:09] [Server thread/INFO]: Allow Zombie Pigmen to spawn from portal blocks: true
[14:19:09] [Server thread/INFO]: Item Despawn Rate: 6000
[14:19:09] [Server thread/INFO]: Item Merge Radius: 2.5
[14:19:09] [Server thread/INFO]: Arrow Despawn Rate: 1200
[14:19:09] [Server thread/INFO]: View Distance: 10
[14:19:09] [Server thread/INFO]: Experience Merge Radius: 3.0
[14:19:09] [Server thread/INFO]: Zombie Aggressive Towards Villager: true
[14:19:09] [Server thread/INFO]: Preparing start region for level 0 (Seed: -5676526307458745514)
[14:19:10] [Server thread/INFO]: Preparing spawn area: 14%
[14:19:11] [Server thread/INFO]: Preparing spawn area: 41%
[14:19:12] [Server thread/INFO]: Preparing spawn area: 69%
[14:19:13] [Server thread/INFO]: Preparing start region for level 1 (Seed: -5676526307458745514)
[14:19:14] [Server thread/INFO]: Preparing spawn area: 27%
[14:19:15] [Server thread/INFO]: Preparing spawn area: 56%
[14:19:16] [Server thread/INFO]: Preparing spawn area: 66%
[14:19:17] [Server thread/INFO]: Preparing spawn area: 80%
[14:19:18] [Server thread/INFO]: Preparing spawn area: 94%
[14:19:18] [Server thread/INFO]: Preparing start region for level 2 (Seed: -5676526307458745514)
[14:19:19] [Server thread/INFO]: Preparing spawn area: 34%
[14:19:20] [Server thread/INFO]: Preparing spawn area: 73%
[14:19:21] [Server thread/INFO]: [MineChef] Enabling MineChef v0.1-SNAPSHOT
[14:19:21] [Server thread/INFO]: Server permissions file permissions.yml is empty, ignoring it
[14:19:21] [Server thread/INFO]: Done (12.890s)! For help, type "help" or "?"
[14:20:22] [User Authenticator #1/INFO]: UUID of player Andrew is e3b5e958-66d0-3326-b46f-86f10441d740
[14:20:22] [Server thread/INFO]: Tried to load unrecognized recipe: bukkit:b448c6d0-e65f-48fe-ad95-3423e4a5f9f6 removed now.
[14:20:22] [Server thread/INFO]: Tried to load unrecognized recipe: bukkit:0897c024-1f6b-431a-b9c5-45a2e8cdc604 removed now.
[14:20:22] [Server thread/INFO]: Tried to load unrecognized recipe: bukkit:e47b7eb5-a0e9-43ef-9f90-4d69ae08f1d6 removed now.
[14:20:22] [Server thread/INFO]: Tried to load unrecognized recipe: bukkit:40f33f65-2bb2-42e1-831a-d7ead16aa726 removed now.
[14:20:22] [Server thread/INFO]: Tried to load unrecognized recipe: bukkit:92b779e7-42b4-4db8-8e29-0751f12103a7 removed now.
[14:20:22] [Server thread/INFO]: Tried to load unrecognized recipe: bukkit:18bf40e2-a45c-41cb-8361-0673f58899f2 removed now.
[14:20:22] [Server thread/INFO]: Tried to load unrecognized recipe: bukkit:98d00d05-9f69-4c63-80d4-42d018316f5f removed now.
[14:20:22] [Server thread/INFO]: Tried to load unrecognized recipe: bukkit:c8ba89b1-f3e3-4102-87dd-388f54d24b76 removed now.
[14:20:22] [Server thread/INFO]: Tried to load unrecognized recipe: bukkit:2a98787e-c447-4184-b2d4-40702d89df67 removed now.
[14:20:22] [Server thread/INFO]: Tried to load unrecognized recipe: bukkit:b448c6d0-e65f-48fe-ad95-3423e4a5f9f6 removed now.
[14:20:22] [Server thread/INFO]: Tried to load unrecognized recipe: bukkit:0897c024-1f6b-431a-b9c5-45a2e8cdc604 removed now.
[14:20:22] [Server thread/INFO]: Tried to load unrecognized recipe: bukkit:e47b7eb5-a0e9-43ef-9f90-4d69ae08f1d6 removed now.
[14:20:22] [Server thread/INFO]: Tried to load unrecognized recipe: bukkit:40f33f65-2bb2-42e1-831a-d7ead16aa726 removed now.
[14:20:22] [Server thread/INFO]: Tried to load unrecognized recipe: bukkit:92b779e7-42b4-4db8-8e29-0751f12103a7 removed now.
[14:20:22] [Server thread/INFO]: Tried to load unrecognized recipe: bukkit:18bf40e2-a45c-41cb-8361-0673f58899f2 removed now.
[14:20:22] [Server thread/INFO]: Tried to load unrecognized recipe: bukkit:98d00d05-9f69-4c63-80d4-42d018316f5f removed now.
[14:20:22] [Server thread/INFO]: Tried to load unrecognized recipe: bukkit:c8ba89b1-f3e3-4102-87dd-388f54d24b76 removed now.
[14:20:22] [Server thread/INFO]: Tried to load unrecognized recipe: bukkit:2a98787e-c447-4184-b2d4-40702d89df67 removed now.
[14:20:22] [Server thread/INFO]: Andrew[/127.0.0.1:56529] logged in with entity id 152 at ([world]198.0554622888775, 74.0, 262.8452695706067)
[14:52:23] [Server thread/INFO]: Andrew lost connection: Disconnected
[14:52:23] [Server thread/INFO]: Andrew left the game
[14:52:49] [User Authenticator #2/INFO]: UUID of player Andrew is e3b5e958-66d0-3326-b46f-86f10441d740
[14:52:49] [Server thread/INFO]: Andrew[/127.0.0.1:56603] logged in with entity id 129356 at ([world]180.57520731782034, 75.0, 263.76249998807907)
[14:53:30] [Server thread/INFO]: Andrew issued server command: /gamemode creative
[14:57:40] [Server thread/INFO]: Andrew has made the advancement [Ice Bucket Challenge]
[15:07:55] [Server thread/INFO]: Andrew has made the advancement [Enchanter]
[15:14:53] [Server thread/INFO]: Andrew has made the advancement [We Need to Go Deeper]
[15:37:43] [Server thread/INFO]: Andrew has made the advancement [Cover Me With Diamonds]
[15:58:08] [Server thread/INFO]: Andrew lost connection: Disconnected
[15:58:08] [Server thread/INFO]: Andrew left the game
[15:58:25] [Thread-3/INFO]: Stopping server
