[20:06:58] [Server thread/INFO]: Loading properties
[20:06:58] [Server thread/INFO]: Default game type: SURVIVAL
[20:06:58] [Server thread/INFO]: This server is running CraftBukkit version git-Spigot-0d820fa-5717601 (MC: 1.12.1) (Implementing API version 1.12.1-R0.1-SNAPSHOT)
[20:06:58] [Server thread/INFO]: Debug logging is disabled
[20:06:58] [Server thread/INFO]: Server Ping Player Sample Count: 12
[20:06:58] [Server thread/INFO]: Using 4 threads for Netty based IO
[20:06:58] [Server thread/INFO]: Generating keypair
[20:06:58] [Server thread/INFO]: Starting Minecraft server on *:25565
[20:06:58] [Server thread/INFO]: Using default channel type
[20:06:59] [Server thread/INFO]: Set PluginClassLoader as parallel capable
[20:06:59] [Server thread/INFO]: [MineChef] Loading MineChef v0.1-SNAPSHOT
[20:06:59] [Server thread/WARN]: **** SERVER IS RUNNING IN OFFLINE/INSECURE MODE!
[20:06:59] [Server thread/WARN]: The server will make no attempt to authenticate usernames. Beware.
[20:06:59] [Server thread/WARN]: While this makes the game possible to play without internet access, it also opens up the ability for hackers to connect with any username they choose.
[20:06:59] [Server thread/WARN]: To change this, set "online-mode" to "true" in the server.properties file.
[20:06:59] [Server thread/INFO]: **** Beginning UUID conversion, this may take A LONG time ****
[20:06:59] [Server thread/INFO]: Preparing level "world"
[20:06:59] [Server thread/INFO]: -------- World Settings For [world] --------
[20:06:59] [Server thread/INFO]: Allow Zombie Pigmen to spawn from portal blocks: true
[20:06:59] [Server thread/INFO]: Experience Merge Radius: 3.0
[20:06:59] [Server thread/INFO]: Item Despawn Rate: 6000
[20:06:59] [Server thread/INFO]: Item Merge Radius: 2.5
[20:06:59] [Server thread/INFO]: Arrow Despawn Rate: 1200
[20:06:59] [Server thread/INFO]: View Distance: 10
[20:06:59] [Server thread/INFO]: Nerfing mobs spawned from spawners: false
[20:06:59] [Server thread/INFO]: Zombie Aggressive Towards Villager: true
[20:06:59] [Server thread/INFO]: Mob Spawn Range: 4
[20:06:59] [Server thread/INFO]: Cactus Growth Modifier: 100%
[20:06:59] [Server thread/INFO]: Cane Growth Modifier: 100%
[20:06:59] [Server thread/INFO]: Melon Growth Modifier: 100%
[20:06:59] [Server thread/INFO]: Mushroom Growth Modifier: 100%
[20:06:59] [Server thread/INFO]: Pumpkin Growth Modifier: 100%
[20:06:59] [Server thread/INFO]: Sapling Growth Modifier: 100%
[20:06:59] [Server thread/INFO]: Wheat Growth Modifier: 100%
[20:06:59] [Server thread/INFO]: NetherWart Growth Modifier: 100%
[20:06:59] [Server thread/INFO]: Vine Growth Modifier: 100%
[20:06:59] [Server thread/INFO]: Cocoa Growth Modifier: 100%
[20:06:59] [Server thread/INFO]: Entity Activation Range: An 32 / Mo 32 / Mi 16
[20:06:59] [Server thread/INFO]: Entity Tracking Range: Pl 48 / An 48 / Mo 48 / Mi 32 / Other 64
[20:06:59] [Server thread/INFO]: Hopper Transfer: 8 Hopper Check: 1 Hopper Amount: 1
[20:06:59] [Server thread/INFO]: Random Lighting Updates: false
[20:06:59] [Server thread/INFO]: Structure Info Saving: true
[20:06:59] [Server thread/INFO]: Custom Map Seeds:  Village: 10387312 Feature: 14357617 Monument: 10387313 Slime: 987234911
[20:06:59] [Server thread/INFO]: Max TNT Explosions: 100
[20:06:59] [Server thread/INFO]: Tile Max Tick Time: 50ms Entity max Tick Time: 50ms
[20:06:59] [Server thread/INFO]: -------- World Settings For [world_nether] --------
[20:06:59] [Server thread/INFO]: Allow Zombie Pigmen to spawn from portal blocks: true
[20:06:59] [Server thread/INFO]: Experience Merge Radius: 3.0
[20:06:59] [Server thread/INFO]: Item Despawn Rate: 6000
[20:06:59] [Server thread/INFO]: Item Merge Radius: 2.5
[20:06:59] [Server thread/INFO]: Arrow Despawn Rate: 1200
[20:06:59] [Server thread/INFO]: View Distance: 10
[20:06:59] [Server thread/INFO]: Nerfing mobs spawned from spawners: false
[20:06:59] [Server thread/INFO]: Zombie Aggressive Towards Villager: true
[20:06:59] [Server thread/INFO]: Mob Spawn Range: 4
[20:06:59] [Server thread/INFO]: Cactus Growth Modifier: 100%
[20:06:59] [Server thread/INFO]: Cane Growth Modifier: 100%
[20:06:59] [Server thread/INFO]: Melon Growth Modifier: 100%
[20:06:59] [Server thread/INFO]: Mushroom Growth Modifier: 100%
[20:06:59] [Server thread/INFO]: Pumpkin Growth Modifier: 100%
[20:06:59] [Server thread/INFO]: Sapling Growth Modifier: 100%
[20:06:59] [Server thread/INFO]: Wheat Growth Modifier: 100%
[20:06:59] [Server thread/INFO]: NetherWart Growth Modifier: 100%
[20:06:59] [Server thread/INFO]: Vine Growth Modifier: 100%
[20:06:59] [Server thread/INFO]: Cocoa Growth Modifier: 100%
[20:06:59] [Server thread/INFO]: Entity Activation Range: An 32 / Mo 32 / Mi 16
[20:06:59] [Server thread/INFO]: Entity Tracking Range: Pl 48 / An 48 / Mo 48 / Mi 32 / Other 64
[20:06:59] [Server thread/INFO]: Hopper Transfer: 8 Hopper Check: 1 Hopper Amount: 1
[20:06:59] [Server thread/INFO]: Random Lighting Updates: false
[20:06:59] [Server thread/INFO]: Structure Info Saving: true
[20:06:59] [Server thread/INFO]: Custom Map Seeds:  Village: 10387312 Feature: 14357617 Monument: 10387313 Slime: 987234911
[20:06:59] [Server thread/INFO]: Max TNT Explosions: 100
[20:06:59] [Server thread/INFO]: Tile Max Tick Time: 50ms Entity max Tick Time: 50ms
[20:06:59] [Server thread/INFO]: -------- World Settings For [world_the_end] --------
[20:06:59] [Server thread/INFO]: Allow Zombie Pigmen to spawn from portal blocks: true
[20:06:59] [Server thread/INFO]: Experience Merge Radius: 3.0
[20:06:59] [Server thread/INFO]: Item Despawn Rate: 6000
[20:06:59] [Server thread/INFO]: Item Merge Radius: 2.5
[20:06:59] [Server thread/INFO]: Arrow Despawn Rate: 1200
[20:06:59] [Server thread/INFO]: View Distance: 10
[20:06:59] [Server thread/INFO]: Nerfing mobs spawned from spawners: false
[20:06:59] [Server thread/INFO]: Zombie Aggressive Towards Villager: true
[20:06:59] [Server thread/INFO]: Mob Spawn Range: 4
[20:06:59] [Server thread/INFO]: Cactus Growth Modifier: 100%
[20:06:59] [Server thread/INFO]: Cane Growth Modifier: 100%
[20:06:59] [Server thread/INFO]: Melon Growth Modifier: 100%
[20:06:59] [Server thread/INFO]: Mushroom Growth Modifier: 100%
[20:06:59] [Server thread/INFO]: Pumpkin Growth Modifier: 100%
[20:06:59] [Server thread/INFO]: Sapling Growth Modifier: 100%
[20:06:59] [Server thread/INFO]: Wheat Growth Modifier: 100%
[20:06:59] [Server thread/INFO]: NetherWart Growth Modifier: 100%
[20:06:59] [Server thread/INFO]: Vine Growth Modifier: 100%
[20:06:59] [Server thread/INFO]: Cocoa Growth Modifier: 100%
[20:06:59] [Server thread/INFO]: Entity Activation Range: An 32 / Mo 32 / Mi 16
[20:06:59] [Server thread/INFO]: Entity Tracking Range: Pl 48 / An 48 / Mo 48 / Mi 32 / Other 64
[20:06:59] [Server thread/INFO]: Hopper Transfer: 8 Hopper Check: 1 Hopper Amount: 1
[20:06:59] [Server thread/INFO]: Random Lighting Updates: false
[20:06:59] [Server thread/INFO]: Structure Info Saving: true
[20:06:59] [Server thread/INFO]: Custom Map Seeds:  Village: 10387312 Feature: 14357617 Monument: 10387313 Slime: 987234911
[20:06:59] [Server thread/INFO]: Max TNT Explosions: 100
[20:06:59] [Server thread/INFO]: Tile Max Tick Time: 50ms Entity max Tick Time: 50ms
[20:06:59] [Server thread/INFO]: Preparing start region for level 0 (Seed: 7700726570428804828)
[20:07:00] [Server thread/INFO]: Preparing spawn area: 24%
[20:07:01] [User Authenticator #1/INFO]: UUID of player Andrew is e3b5e958-66d0-3326-b46f-86f10441d740
[20:07:01] [Server thread/INFO]: Preparing spawn area: 47%
[20:07:02] [Server thread/INFO]: Preparing spawn area: 63%
[20:07:03] [Server thread/INFO]: Preparing spawn area: 68%
[20:07:04] [Server thread/INFO]: Preparing spawn area: 73%
[20:07:05] [Server thread/INFO]: Preparing spawn area: 99%
[20:07:05] [Server thread/INFO]: Preparing start region for level 1 (Seed: 7700726570428804828)
[20:07:06] [Server thread/INFO]: Preparing spawn area: 60%
[20:07:07] [Server thread/INFO]: Preparing start region for level 2 (Seed: 7700726570428804828)
[20:07:07] [Server thread/INFO]: [MineChef] Enabling MineChef v0.1-SNAPSHOT
[20:07:07] [Server thread/INFO]: Server permissions file permissions.yml is empty, ignoring it
[20:07:07] [Server thread/INFO]: Done (8.629s)! For help, type "help" or "?"
[20:07:08] [Server thread/INFO]: Andrew[/127.0.0.1:50376] logged in with entity id 243 at ([world]314.60466130160506, 78.0, 33.682874311346325)
[20:07:17] [Server thread/INFO]: Andrew lost connection: Disconnected
[20:07:17] [Server thread/INFO]: Andrew left the game
[20:07:20] [Server thread/INFO]: Stopping the server
[20:07:20] [Server thread/INFO]: Stopping server
[20:07:20] [Server thread/INFO]: [MineChef] Disabling MineChef v0.1-SNAPSHOT
[20:07:20] [Server thread/INFO]: Saving players
[20:07:20] [Server thread/INFO]: Saving worlds
[20:07:20] [Server thread/INFO]: Saving chunks for level 'world'/overworld
[20:07:21] [Server thread/INFO]: Saving chunks for level 'world_nether'/the_nether
[20:07:21] [Server thread/INFO]: Saving chunks for level 'world_the_end'/the_end
