[17:49:15] [Server thread/INFO]: Loading properties
[17:49:15] [Server thread/INFO]: Default game type: SURVIVAL
[17:49:15] [Server thread/INFO]: This server is running CraftBukkit version git-Spigot-3d850ec-809c399 (MC: 1.12.2) (Implementing API version 1.12.2-R0.1-SNAPSHOT)
[17:49:15] [Server thread/INFO]: Debug logging is disabled
[17:49:15] [Server thread/INFO]: Server Ping Player Sample Count: 12
[17:49:15] [Server thread/INFO]: Using 4 threads for Netty based IO
[17:49:15] [Server thread/INFO]: Generating keypair
[17:49:16] [Server thread/INFO]: Starting Minecraft server on *:25565
[17:49:16] [Server thread/INFO]: Using default channel type
[17:49:17] [Server thread/INFO]: Set PluginClassLoader as parallel capable
[17:49:17] [Server thread/INFO]: [MineChef] Loading MineChef v0.1-SNAPSHOT
[17:49:17] [Server thread/WARN]: **** SERVER IS RUNNING IN OFFLINE/INSECURE MODE!
[17:49:17] [Server thread/WARN]: The server will make no attempt to authenticate usernames. Beware.
[17:49:17] [Server thread/WARN]: While this makes the game possible to play without internet access, it also opens up the ability for hackers to connect with any username they choose.
[17:49:17] [Server thread/WARN]: To change this, set "online-mode" to "true" in the server.properties file.
[17:49:17] [Server thread/INFO]: **** Beginning UUID conversion, this may take A LONG time ****
[17:49:17] [Server thread/INFO]: Preparing level "world"
[17:49:17] [Server thread/INFO]: -------- World Settings For [world] --------
[17:49:17] [Server thread/INFO]: Allow Zombie Pigmen to spawn from portal blocks: true
[17:49:17] [Server thread/INFO]: Experience Merge Radius: 3.0
[17:49:17] [Server thread/INFO]: Nerfing mobs spawned from spawners: false
[17:49:17] [Server thread/INFO]: Arrow Despawn Rate: 1200
[17:49:17] [Server thread/INFO]: View Distance: 10
[17:49:17] [Server thread/INFO]: Mob Spawn Range: 4
[17:49:17] [Server thread/INFO]: Cactus Growth Modifier: 100%
[17:49:17] [Server thread/INFO]: Cane Growth Modifier: 100%
[17:49:17] [Server thread/INFO]: Melon Growth Modifier: 100%
[17:49:17] [Server thread/INFO]: Mushroom Growth Modifier: 100%
[17:49:17] [Server thread/INFO]: Pumpkin Growth Modifier: 100%
[17:49:17] [Server thread/INFO]: Sapling Growth Modifier: 100%
[17:49:17] [Server thread/INFO]: Wheat Growth Modifier: 100%
[17:49:17] [Server thread/INFO]: NetherWart Growth Modifier: 100%
[17:49:17] [Server thread/INFO]: Vine Growth Modifier: 100%
[17:49:17] [Server thread/INFO]: Cocoa Growth Modifier: 100%
[17:49:17] [Server thread/INFO]: Entity Activation Range: An 32 / Mo 32 / Mi 16
[17:49:17] [Server thread/INFO]: Entity Tracking Range: Pl 48 / An 48 / Mo 48 / Mi 32 / Other 64
[17:49:17] [Server thread/INFO]: Hopper Transfer: 8 Hopper Check: 1 Hopper Amount: 1
[17:49:17] [Server thread/INFO]: Random Lighting Updates: false
[17:49:17] [Server thread/INFO]: Structure Info Saving: true
[17:49:17] [Server thread/INFO]: Custom Map Seeds:  Village: 10387312 Feature: 14357617 Monument: 10387313 Slime: 987234911
[17:49:17] [Server thread/INFO]: Max TNT Explosions: 100
[17:49:17] [Server thread/INFO]: Tile Max Tick Time: 50ms Entity max Tick Time: 50ms
[17:49:17] [Server thread/INFO]: Item Despawn Rate: 6000
[17:49:17] [Server thread/INFO]: Item Merge Radius: 2.5
[17:49:17] [Server thread/INFO]: Zombie Aggressive Towards Villager: true
[17:49:17] [Server thread/INFO]: -------- World Settings For [world_nether] --------
[17:49:17] [Server thread/INFO]: Allow Zombie Pigmen to spawn from portal blocks: true
[17:49:17] [Server thread/INFO]: Experience Merge Radius: 3.0
[17:49:17] [Server thread/INFO]: Nerfing mobs spawned from spawners: false
[17:49:17] [Server thread/INFO]: Arrow Despawn Rate: 1200
[17:49:17] [Server thread/INFO]: View Distance: 10
[17:49:17] [Server thread/INFO]: Mob Spawn Range: 4
[17:49:17] [Server thread/INFO]: Cactus Growth Modifier: 100%
[17:49:17] [Server thread/INFO]: Cane Growth Modifier: 100%
[17:49:17] [Server thread/INFO]: Melon Growth Modifier: 100%
[17:49:17] [Server thread/INFO]: Mushroom Growth Modifier: 100%
[17:49:17] [Server thread/INFO]: Pumpkin Growth Modifier: 100%
[17:49:17] [Server thread/INFO]: Sapling Growth Modifier: 100%
[17:49:17] [Server thread/INFO]: Wheat Growth Modifier: 100%
[17:49:17] [Server thread/INFO]: NetherWart Growth Modifier: 100%
[17:49:17] [Server thread/INFO]: Vine Growth Modifier: 100%
[17:49:17] [Server thread/INFO]: Cocoa Growth Modifier: 100%
[17:49:17] [Server thread/INFO]: Entity Activation Range: An 32 / Mo 32 / Mi 16
[17:49:17] [Server thread/INFO]: Entity Tracking Range: Pl 48 / An 48 / Mo 48 / Mi 32 / Other 64
[17:49:17] [Server thread/INFO]: Hopper Transfer: 8 Hopper Check: 1 Hopper Amount: 1
[17:49:17] [Server thread/INFO]: Random Lighting Updates: false
[17:49:17] [Server thread/INFO]: Structure Info Saving: true
[17:49:17] [Server thread/INFO]: Custom Map Seeds:  Village: 10387312 Feature: 14357617 Monument: 10387313 Slime: 987234911
[17:49:17] [Server thread/INFO]: Max TNT Explosions: 100
[17:49:17] [Server thread/INFO]: Tile Max Tick Time: 50ms Entity max Tick Time: 50ms
[17:49:17] [Server thread/INFO]: Item Despawn Rate: 6000
[17:49:17] [Server thread/INFO]: Item Merge Radius: 2.5
[17:49:17] [Server thread/INFO]: Zombie Aggressive Towards Villager: true
[17:49:17] [Server thread/INFO]: -------- World Settings For [world_the_end] --------
[17:49:17] [Server thread/INFO]: Allow Zombie Pigmen to spawn from portal blocks: true
[17:49:17] [Server thread/INFO]: Experience Merge Radius: 3.0
[17:49:17] [Server thread/INFO]: Nerfing mobs spawned from spawners: false
[17:49:17] [Server thread/INFO]: Arrow Despawn Rate: 1200
[17:49:17] [Server thread/INFO]: View Distance: 10
[17:49:17] [Server thread/INFO]: Mob Spawn Range: 4
[17:49:17] [Server thread/INFO]: Cactus Growth Modifier: 100%
[17:49:17] [Server thread/INFO]: Cane Growth Modifier: 100%
[17:49:17] [Server thread/INFO]: Melon Growth Modifier: 100%
[17:49:17] [Server thread/INFO]: Mushroom Growth Modifier: 100%
[17:49:17] [Server thread/INFO]: Pumpkin Growth Modifier: 100%
[17:49:17] [Server thread/INFO]: Sapling Growth Modifier: 100%
[17:49:17] [Server thread/INFO]: Wheat Growth Modifier: 100%
[17:49:17] [Server thread/INFO]: NetherWart Growth Modifier: 100%
[17:49:17] [Server thread/INFO]: Vine Growth Modifier: 100%
[17:49:17] [Server thread/INFO]: Cocoa Growth Modifier: 100%
[17:49:17] [Server thread/INFO]: Entity Activation Range: An 32 / Mo 32 / Mi 16
[17:49:17] [Server thread/INFO]: Entity Tracking Range: Pl 48 / An 48 / Mo 48 / Mi 32 / Other 64
[17:49:17] [Server thread/INFO]: Hopper Transfer: 8 Hopper Check: 1 Hopper Amount: 1
[17:49:17] [Server thread/INFO]: Random Lighting Updates: false
[17:49:17] [Server thread/INFO]: Structure Info Saving: true
[17:49:17] [Server thread/INFO]: Custom Map Seeds:  Village: 10387312 Feature: 14357617 Monument: 10387313 Slime: 987234911
[17:49:17] [Server thread/INFO]: Max TNT Explosions: 100
[17:49:17] [Server thread/INFO]: Tile Max Tick Time: 50ms Entity max Tick Time: 50ms
[17:49:17] [Server thread/INFO]: Item Despawn Rate: 6000
[17:49:17] [Server thread/INFO]: Item Merge Radius: 2.5
[17:49:17] [Server thread/INFO]: Zombie Aggressive Towards Villager: true
[17:49:17] [Server thread/INFO]: Preparing start region for level 0 (Seed: -3472796198947689376)
[17:49:18] [Server thread/INFO]: Preparing spawn area: 20%
[17:49:19] [Server thread/INFO]: Preparing spawn area: 60%
[17:49:20] [Server thread/INFO]: Preparing spawn area: 95%
[17:49:20] [Server thread/INFO]: Preparing start region for level 1 (Seed: -3472796198947689376)
[17:49:21] [Server thread/INFO]: Preparing spawn area: 75%
[17:49:22] [Server thread/INFO]: Preparing start region for level 2 (Seed: -3472796198947689376)
[17:49:22] [Server thread/INFO]: [MineChef] Enabling MineChef v0.1-SNAPSHOT
[17:49:22] [Server thread/INFO]: Server permissions file permissions.yml is empty, ignoring it
[17:49:22] [Server thread/INFO]: Done (5.820s)! For help, type "help" or "?"
[17:49:31] [User Authenticator #1/INFO]: UUID of player Andrew is e3b5e958-66d0-3326-b46f-86f10441d740
[17:49:32] [Server thread/INFO]: Tried to load unrecognized recipe: bukkit:e919d22e-30fd-411c-a9d0-368ab6fc5d59 removed now.
[17:49:32] [Server thread/INFO]: Tried to load unrecognized recipe: bukkit:e919d22e-30fd-411c-a9d0-368ab6fc5d59 removed now.
[17:49:32] [Server thread/INFO]: Andrew[/127.0.0.1:61083] logged in with entity id 93 at ([world]1332.944540602886, 63.9375, -170.20590519353954)
[19:00:17] [Server thread/INFO]: Andrew has made the advancement [Into Fire]
[19:47:30] [Server thread/INFO]: Andrew lost connection: Disconnected
[19:47:30] [Server thread/INFO]: Andrew left the game
[19:47:39] [Server thread/INFO]: Stopping the server
[19:47:39] [Server thread/INFO]: Stopping server
[19:47:39] [Server thread/INFO]: [MineChef] Disabling MineChef v0.1-SNAPSHOT
[19:47:39] [Server thread/INFO]: Saving players
[19:47:39] [Server thread/INFO]: Saving worlds
[19:47:39] [Server thread/INFO]: Saving chunks for level 'world'/overworld
[19:47:39] [Server thread/INFO]: Saving chunks for level 'world_nether'/the_nether
[19:47:39] [Server thread/INFO]: Saving chunks for level 'world_the_end'/the_end
