[19:47:00] [Server thread/INFO]: Starting minecraft server version 1.10
[19:47:00] [Server thread/INFO]: Loading properties
[19:47:00] [Server thread/INFO]: Default game type: SURVIVAL
[19:47:00] [Server thread/INFO]: This server is running CraftBukkit version git-Spigot-6016ac7-10c10b3 (MC: 1.10) (Implementing API version 1.10-R0.1-SNAPSHOT)
[19:47:00] [Server thread/INFO]: Debug logging is disabled
[19:47:00] [Server thread/INFO]: Server Ping Player Sample Count: 12
[19:47:00] [Server thread/INFO]: Using 4 threads for Netty based IO
[19:47:01] [Server thread/INFO]: Generating keypair
[19:47:01] [Server thread/INFO]: Starting Minecraft server on *:25565
[19:47:01] [Server thread/INFO]: Using default channel type
[19:47:01] [Server thread/INFO]: Set PluginClassLoader as parallel capable
[19:47:01] [Server thread/INFO]: [MineChef] Loading MineChef v0.1-SNAPSHOT
[19:47:01] [Server thread/WARN]: **** SERVER IS RUNNING IN OFFLINE/INSECURE MODE!
[19:47:01] [Server thread/WARN]: The server will make no attempt to authenticate usernames. Beware.
[19:47:01] [Server thread/WARN]: While this makes the game possible to play without internet access, it also opens up the ability for hackers to connect with any username they choose.
[19:47:01] [Server thread/WARN]: To change this, set "online-mode" to "true" in the server.properties file.
[19:47:01] [Server thread/INFO]: **** Beginning UUID conversion, this may take A LONG time ****
[19:47:01] [Server thread/INFO]: Preparing level "world"
[19:47:01] [Server thread/INFO]: -------- World Settings For [world] --------
[19:47:01] [Server thread/INFO]: Arrow Despawn Rate: 1200
[19:47:01] [Server thread/INFO]: Allow Zombie Pigmen to spawn from portal blocks: true
[19:47:01] [Server thread/INFO]: View Distance: 10
[19:47:01] [Server thread/INFO]: Experience Merge Radius: 3.0
[19:47:01] [Server thread/INFO]: Nerfing mobs spawned from spawners: false
[19:47:01] [Server thread/INFO]: Item Despawn Rate: 6000
[19:47:01] [Server thread/INFO]: Item Merge Radius: 2.5
[19:47:01] [Server thread/INFO]: Zombie Aggressive Towards Villager: true
[19:47:01] [Server thread/INFO]: Mob Spawn Range: 4
[19:47:01] [Server thread/INFO]: Cactus Growth Modifier: 100%
[19:47:01] [Server thread/INFO]: Cane Growth Modifier: 100%
[19:47:01] [Server thread/INFO]: Melon Growth Modifier: 100%
[19:47:01] [Server thread/INFO]: Mushroom Growth Modifier: 100%
[19:47:01] [Server thread/INFO]: Pumpkin Growth Modifier: 100%
[19:47:01] [Server thread/INFO]: Sapling Growth Modifier: 100%
[19:47:01] [Server thread/INFO]: Wheat Growth Modifier: 100%
[19:47:01] [Server thread/INFO]: NetherWart Growth Modifier: 100%
[19:47:01] [Server thread/INFO]: Entity Activation Range: An 32 / Mo 32 / Mi 16
[19:47:01] [Server thread/INFO]: Entity Tracking Range: Pl 48 / An 48 / Mo 48 / Mi 32 / Other 64
[19:47:01] [Server thread/INFO]: Hopper Transfer: 8 Hopper Check: 8 Hopper Amount: 1
[19:47:01] [Server thread/INFO]: Random Lighting Updates: false
[19:47:01] [Server thread/INFO]: Structure Info Saving: true
[19:47:01] [Server thread/INFO]: Max Entity Collisions: 8
[19:47:01] [Server thread/INFO]: Custom Map Seeds:  Village: 10387312 Feature: 14357617
[19:47:01] [Server thread/INFO]: Max TNT Explosions: 100
[19:47:01] [Server thread/INFO]: Tile Max Tick Time: 50ms Entity max Tick Time: 50ms
[19:47:01] [Server thread/INFO]: -------- World Settings For [world_nether] --------
[19:47:01] [Server thread/INFO]: Arrow Despawn Rate: 1200
[19:47:01] [Server thread/INFO]: Allow Zombie Pigmen to spawn from portal blocks: true
[19:47:01] [Server thread/INFO]: View Distance: 10
[19:47:01] [Server thread/INFO]: Experience Merge Radius: 3.0
[19:47:01] [Server thread/INFO]: Nerfing mobs spawned from spawners: false
[19:47:01] [Server thread/INFO]: Item Despawn Rate: 6000
[19:47:01] [Server thread/INFO]: Item Merge Radius: 2.5
[19:47:01] [Server thread/INFO]: Zombie Aggressive Towards Villager: true
[19:47:01] [Server thread/INFO]: Mob Spawn Range: 4
[19:47:01] [Server thread/INFO]: Cactus Growth Modifier: 100%
[19:47:01] [Server thread/INFO]: Cane Growth Modifier: 100%
[19:47:01] [Server thread/INFO]: Melon Growth Modifier: 100%
[19:47:01] [Server thread/INFO]: Mushroom Growth Modifier: 100%
[19:47:01] [Server thread/INFO]: Pumpkin Growth Modifier: 100%
[19:47:01] [Server thread/INFO]: Sapling Growth Modifier: 100%
[19:47:01] [Server thread/INFO]: Wheat Growth Modifier: 100%
[19:47:01] [Server thread/INFO]: NetherWart Growth Modifier: 100%
[19:47:01] [Server thread/INFO]: Entity Activation Range: An 32 / Mo 32 / Mi 16
[19:47:01] [Server thread/INFO]: Entity Tracking Range: Pl 48 / An 48 / Mo 48 / Mi 32 / Other 64
[19:47:01] [Server thread/INFO]: Hopper Transfer: 8 Hopper Check: 8 Hopper Amount: 1
[19:47:01] [Server thread/INFO]: Random Lighting Updates: false
[19:47:01] [Server thread/INFO]: Structure Info Saving: true
[19:47:01] [Server thread/INFO]: Max Entity Collisions: 8
[19:47:01] [Server thread/INFO]: Custom Map Seeds:  Village: 10387312 Feature: 14357617
[19:47:01] [Server thread/INFO]: Max TNT Explosions: 100
[19:47:01] [Server thread/INFO]: Tile Max Tick Time: 50ms Entity max Tick Time: 50ms
[19:47:01] [Server thread/INFO]: -------- World Settings For [world_the_end] --------
[19:47:01] [Server thread/INFO]: Arrow Despawn Rate: 1200
[19:47:01] [Server thread/INFO]: Allow Zombie Pigmen to spawn from portal blocks: true
[19:47:01] [Server thread/INFO]: View Distance: 10
[19:47:01] [Server thread/INFO]: Experience Merge Radius: 3.0
[19:47:01] [Server thread/INFO]: Nerfing mobs spawned from spawners: false
[19:47:01] [Server thread/INFO]: Item Despawn Rate: 6000
[19:47:01] [Server thread/INFO]: Item Merge Radius: 2.5
[19:47:01] [Server thread/INFO]: Zombie Aggressive Towards Villager: true
[19:47:01] [Server thread/INFO]: Mob Spawn Range: 4
[19:47:01] [Server thread/INFO]: Cactus Growth Modifier: 100%
[19:47:01] [Server thread/INFO]: Cane Growth Modifier: 100%
[19:47:01] [Server thread/INFO]: Melon Growth Modifier: 100%
[19:47:01] [Server thread/INFO]: Mushroom Growth Modifier: 100%
[19:47:01] [Server thread/INFO]: Pumpkin Growth Modifier: 100%
[19:47:01] [Server thread/INFO]: Sapling Growth Modifier: 100%
[19:47:01] [Server thread/INFO]: Wheat Growth Modifier: 100%
[19:47:01] [Server thread/INFO]: NetherWart Growth Modifier: 100%
[19:47:01] [Server thread/INFO]: Entity Activation Range: An 32 / Mo 32 / Mi 16
[19:47:01] [Server thread/INFO]: Entity Tracking Range: Pl 48 / An 48 / Mo 48 / Mi 32 / Other 64
[19:47:01] [Server thread/INFO]: Hopper Transfer: 8 Hopper Check: 8 Hopper Amount: 1
[19:47:01] [Server thread/INFO]: Random Lighting Updates: false
[19:47:01] [Server thread/INFO]: Structure Info Saving: true
[19:47:01] [Server thread/INFO]: Max Entity Collisions: 8
[19:47:01] [Server thread/INFO]: Custom Map Seeds:  Village: 10387312 Feature: 14357617
[19:47:01] [Server thread/INFO]: Max TNT Explosions: 100
[19:47:01] [Server thread/INFO]: Tile Max Tick Time: 50ms Entity max Tick Time: 50ms
[19:47:01] [Server thread/INFO]: Preparing start region for level 0 (Seed: -870685196012565250)
[19:47:02] [Server thread/INFO]: Preparing spawn area: 14%
[19:47:03] [Server thread/INFO]: Preparing spawn area: 40%
[19:47:04] [Server thread/INFO]: Preparing spawn area: 69%
[19:47:05] [Server thread/INFO]: Preparing start region for level 1 (Seed: -870685196012565250)
[19:47:06] [Server thread/INFO]: Preparing spawn area: 74%
[19:47:07] [Server thread/INFO]: Preparing start region for level 2 (Seed: -870685196012565250)
[19:47:07] [Server thread/INFO]: [MineChef] Enabling MineChef v0.1-SNAPSHOT
[19:47:07] [Server thread/INFO]: Server permissions file permissions.yml is empty, ignoring it
[19:47:07] [Server thread/INFO]: Done (6.673s)! For help, type "help" or "?"
[19:47:14] [User Authenticator #1/INFO]: UUID of player OneEyedJames is 8c7a3480-4c8a-3c81-91fc-6663db695c98
[19:47:14] [Server thread/INFO]: OneEyedJames[/127.0.0.1:55255] logged in with entity id 237 at ([world]269.126225251685, 83.0, 341.07499998807907)
[19:47:36] [Server thread/INFO]: OneEyedJames lost connection: Disconnected
[19:47:36] [Server thread/INFO]: OneEyedJames left the game.
[19:47:42] [Server thread/INFO]: Stopping the server
[19:47:42] [Server thread/INFO]: Stopping server
[19:47:42] [Server thread/INFO]: [MineChef] Disabling MineChef v0.1-SNAPSHOT
[19:47:42] [Server thread/INFO]: Saving players
[19:47:42] [Server thread/INFO]: Saving worlds
[19:47:42] [Server thread/INFO]: Saving chunks for level 'world'/Overworld
[19:47:42] [Server thread/INFO]: Saving chunks for level 'world_nether'/Nether
[19:47:42] [Server thread/INFO]: Saving chunks for level 'world_the_end'/The End
