[19:45:56] [Server thread/INFO]: Loading properties
[19:45:56] [Server thread/INFO]: Default game type: SURVIVAL
[19:45:57] [Server thread/INFO]: This server is running CraftBukkit version git-Spigot-0d820fa-5717601 (MC: 1.12.1) (Implementing API version 1.12.1-R0.1-SNAPSHOT)
[19:45:57] [Server thread/INFO]: Debug logging is disabled
[19:45:57] [Server thread/INFO]: Server Ping Player Sample Count: 12
[19:45:57] [Server thread/INFO]: Using 4 threads for Netty based IO
[19:45:57] [Server thread/INFO]: Generating keypair
[19:45:57] [Server thread/INFO]: Starting Minecraft server on *:25565
[19:45:57] [Server thread/INFO]: Using default channel type
[19:45:57] [Server thread/INFO]: Set PluginClassLoader as parallel capable
[19:45:57] [Server thread/INFO]: [MineChef] Loading MineChef v0.1-SNAPSHOT
[19:45:57] [Server thread/WARN]: **** SERVER IS RUNNING IN OFFLINE/INSECURE MODE!
[19:45:57] [Server thread/WARN]: The server will make no attempt to authenticate usernames. Beware.
[19:45:57] [Server thread/WARN]: While this makes the game possible to play without internet access, it also opens up the ability for hackers to connect with any username they choose.
[19:45:57] [Server thread/WARN]: To change this, set "online-mode" to "true" in the server.properties file.
[19:45:57] [Server thread/INFO]: **** Beginning UUID conversion, this may take A LONG time ****
[19:45:57] [Server thread/INFO]: Preparing level "world"
[19:45:57] [Server thread/INFO]: -------- World Settings For [world] --------
[19:45:57] [Server thread/INFO]: Random Lighting Updates: false
[19:45:57] [Server thread/INFO]: Structure Info Saving: true
[19:45:57] [Server thread/INFO]: Mob Spawn Range: 4
[19:45:57] [Server thread/INFO]: Entity Tracking Range: Pl 48 / An 48 / Mo 48 / Mi 32 / Other 64
[19:45:57] [Server thread/INFO]: Hopper Transfer: 8 Hopper Check: 1 Hopper Amount: 1
[19:45:57] [Server thread/INFO]: Custom Map Seeds:  Village: 10387312 Feature: 14357617 Monument: 10387313 Slime: 987234911
[19:45:57] [Server thread/INFO]: Arrow Despawn Rate: 1200
[19:45:57] [Server thread/INFO]: Cactus Growth Modifier: 100%
[19:45:57] [Server thread/INFO]: Cane Growth Modifier: 100%
[19:45:57] [Server thread/INFO]: Melon Growth Modifier: 100%
[19:45:57] [Server thread/INFO]: Mushroom Growth Modifier: 100%
[19:45:57] [Server thread/INFO]: Pumpkin Growth Modifier: 100%
[19:45:57] [Server thread/INFO]: Sapling Growth Modifier: 100%
[19:45:57] [Server thread/INFO]: Wheat Growth Modifier: 100%
[19:45:57] [Server thread/INFO]: NetherWart Growth Modifier: 100%
[19:45:57] [Server thread/INFO]: Vine Growth Modifier: 100%
[19:45:57] [Server thread/INFO]: Cocoa Growth Modifier: 100%
[19:45:57] [Server thread/INFO]: Entity Activation Range: An 32 / Mo 32 / Mi 16
[19:45:57] [Server thread/INFO]: Experience Merge Radius: 3.0
[19:45:57] [Server thread/INFO]: Allow Zombie Pigmen to spawn from portal blocks: true
[19:45:57] [Server thread/INFO]: Item Despawn Rate: 6000
[19:45:57] [Server thread/INFO]: Item Merge Radius: 2.5
[19:45:57] [Server thread/INFO]: View Distance: 10
[19:45:57] [Server thread/INFO]: Zombie Aggressive Towards Villager: true
[19:45:57] [Server thread/INFO]: Nerfing mobs spawned from spawners: false
[19:45:57] [Server thread/INFO]: Max TNT Explosions: 100
[19:45:57] [Server thread/INFO]: Tile Max Tick Time: 50ms Entity max Tick Time: 50ms
[19:45:58] [Server thread/INFO]: -------- World Settings For [world_nether] --------
[19:45:58] [Server thread/INFO]: Random Lighting Updates: false
[19:45:58] [Server thread/INFO]: Structure Info Saving: true
[19:45:58] [Server thread/INFO]: Mob Spawn Range: 4
[19:45:58] [Server thread/INFO]: Entity Tracking Range: Pl 48 / An 48 / Mo 48 / Mi 32 / Other 64
[19:45:58] [Server thread/INFO]: Hopper Transfer: 8 Hopper Check: 1 Hopper Amount: 1
[19:45:58] [Server thread/INFO]: Custom Map Seeds:  Village: 10387312 Feature: 14357617 Monument: 10387313 Slime: 987234911
[19:45:58] [Server thread/INFO]: Arrow Despawn Rate: 1200
[19:45:58] [Server thread/INFO]: Cactus Growth Modifier: 100%
[19:45:58] [Server thread/INFO]: Cane Growth Modifier: 100%
[19:45:58] [Server thread/INFO]: Melon Growth Modifier: 100%
[19:45:58] [Server thread/INFO]: Mushroom Growth Modifier: 100%
[19:45:58] [Server thread/INFO]: Pumpkin Growth Modifier: 100%
[19:45:58] [Server thread/INFO]: Sapling Growth Modifier: 100%
[19:45:58] [Server thread/INFO]: Wheat Growth Modifier: 100%
[19:45:58] [Server thread/INFO]: NetherWart Growth Modifier: 100%
[19:45:58] [Server thread/INFO]: Vine Growth Modifier: 100%
[19:45:58] [Server thread/INFO]: Cocoa Growth Modifier: 100%
[19:45:58] [Server thread/INFO]: Entity Activation Range: An 32 / Mo 32 / Mi 16
[19:45:58] [Server thread/INFO]: Experience Merge Radius: 3.0
[19:45:58] [Server thread/INFO]: Allow Zombie Pigmen to spawn from portal blocks: true
[19:45:58] [Server thread/INFO]: Item Despawn Rate: 6000
[19:45:58] [Server thread/INFO]: Item Merge Radius: 2.5
[19:45:58] [Server thread/INFO]: View Distance: 10
[19:45:58] [Server thread/INFO]: Zombie Aggressive Towards Villager: true
[19:45:58] [Server thread/INFO]: Nerfing mobs spawned from spawners: false
[19:45:58] [Server thread/INFO]: Max TNT Explosions: 100
[19:45:58] [Server thread/INFO]: Tile Max Tick Time: 50ms Entity max Tick Time: 50ms
[19:45:58] [Server thread/INFO]: -------- World Settings For [world_the_end] --------
[19:45:58] [Server thread/INFO]: Random Lighting Updates: false
[19:45:58] [Server thread/INFO]: Structure Info Saving: true
[19:45:58] [Server thread/INFO]: Mob Spawn Range: 4
[19:45:58] [Server thread/INFO]: Entity Tracking Range: Pl 48 / An 48 / Mo 48 / Mi 32 / Other 64
[19:45:58] [Server thread/INFO]: Hopper Transfer: 8 Hopper Check: 1 Hopper Amount: 1
[19:45:58] [Server thread/INFO]: Custom Map Seeds:  Village: 10387312 Feature: 14357617 Monument: 10387313 Slime: 987234911
[19:45:58] [Server thread/INFO]: Arrow Despawn Rate: 1200
[19:45:58] [Server thread/INFO]: Cactus Growth Modifier: 100%
[19:45:58] [Server thread/INFO]: Cane Growth Modifier: 100%
[19:45:58] [Server thread/INFO]: Melon Growth Modifier: 100%
[19:45:58] [Server thread/INFO]: Mushroom Growth Modifier: 100%
[19:45:58] [Server thread/INFO]: Pumpkin Growth Modifier: 100%
[19:45:58] [Server thread/INFO]: Sapling Growth Modifier: 100%
[19:45:58] [Server thread/INFO]: Wheat Growth Modifier: 100%
[19:45:58] [Server thread/INFO]: NetherWart Growth Modifier: 100%
[19:45:58] [Server thread/INFO]: Vine Growth Modifier: 100%
[19:45:58] [Server thread/INFO]: Cocoa Growth Modifier: 100%
[19:45:58] [Server thread/INFO]: Entity Activation Range: An 32 / Mo 32 / Mi 16
[19:45:58] [Server thread/INFO]: Experience Merge Radius: 3.0
[19:45:58] [Server thread/INFO]: Allow Zombie Pigmen to spawn from portal blocks: true
[19:45:58] [Server thread/INFO]: Item Despawn Rate: 6000
[19:45:58] [Server thread/INFO]: Item Merge Radius: 2.5
[19:45:58] [Server thread/INFO]: View Distance: 10
[19:45:58] [Server thread/INFO]: Zombie Aggressive Towards Villager: true
[19:45:58] [Server thread/INFO]: Nerfing mobs spawned from spawners: false
[19:45:58] [Server thread/INFO]: Max TNT Explosions: 100
[19:45:58] [Server thread/INFO]: Tile Max Tick Time: 50ms Entity max Tick Time: 50ms
[19:45:58] [Server thread/INFO]: Preparing start region for level 0 (Seed: 8678942899319966093)
[19:45:59] [Server thread/INFO]: Preparing spawn area: 20%
[19:46:00] [Server thread/INFO]: Preparing spawn area: 50%
[19:46:01] [Server thread/INFO]: Preparing spawn area: 86%
[19:46:01] [Server thread/INFO]: Preparing start region for level 1 (Seed: 8678942899319966093)
[19:46:02] [Server thread/INFO]: Preparing spawn area: 93%
[19:46:02] [Server thread/INFO]: Preparing start region for level 2 (Seed: 8678942899319966093)
[19:46:02] [Server thread/INFO]: [MineChef] Enabling MineChef v0.1-SNAPSHOT
[19:46:02] [Server thread/INFO]: Server permissions file permissions.yml is empty, ignoring it
[19:46:03] [Server thread/INFO]: Done (5.570s)! For help, type "help" or "?"
[19:46:14] [User Authenticator #1/INFO]: UUID of player Andrew is e3b5e958-66d0-3326-b46f-86f10441d740
[19:46:14] [Server thread/INFO]: Tried to load unrecognized recipe: bukkit:9b5e6901-80ad-49a0-856d-a61edd27293c removed now.
[19:46:14] [Server thread/INFO]: Tried to load unrecognized recipe: bukkit:6d03cc44-7f6f-438d-a1a7-ec5b420c7087 removed now.
[19:46:14] [Server thread/INFO]: Tried to load unrecognized recipe: bukkit:9b5e6901-80ad-49a0-856d-a61edd27293c removed now.
[19:46:14] [Server thread/INFO]: Tried to load unrecognized recipe: bukkit:6d03cc44-7f6f-438d-a1a7-ec5b420c7087 removed now.
[19:46:15] [Server thread/INFO]: Andrew[/127.0.0.1:63909] logged in with entity id 241 at ([world]-137.2647816404597, 65.0, 277.49809687060514)
[19:46:50] [Server thread/INFO]: Andrew lost connection: Disconnected
[19:46:50] [Server thread/INFO]: Andrew left the game
[19:46:55] [Server thread/INFO]: Stopping the server
[19:46:55] [Server thread/INFO]: Stopping server
[19:46:55] [Server thread/INFO]: [MineChef] Disabling MineChef v0.1-SNAPSHOT
[19:46:55] [Server thread/INFO]: Saving players
[19:46:55] [Server thread/INFO]: Saving worlds
[19:46:55] [Server thread/INFO]: Saving chunks for level 'world'/overworld
[19:46:55] [Server thread/INFO]: Saving chunks for level 'world_nether'/the_nether
[19:46:55] [Server thread/INFO]: Saving chunks for level 'world_the_end'/the_end
