[13:00:54] [Server thread/INFO]: Starting minecraft server version 1.11
[13:00:54] [Server thread/INFO]: Loading properties
[13:00:54] [Server thread/WARN]: resource-pack-hash is deprecated. Please use resource-pack-sha1 instead.
[13:00:54] [Server thread/INFO]: Default game type: SURVIVAL
[13:00:54] [Server thread/INFO]: This server is running CraftBukkit version git-Spigot-31fef09-78c7614 (MC: 1.11) (Implementing API version 1.11-R0.1-SNAPSHOT)
[13:00:54] [Server thread/INFO]: Debug logging is disabled
[13:00:54] [Server thread/INFO]: Server Ping Player Sample Count: 12
[13:00:54] [Server thread/INFO]: Using 4 threads for Netty based IO
[13:00:55] [Server thread/INFO]: Generating keypair
[13:00:55] [Server thread/INFO]: Starting Minecraft server on *:25565
[13:00:55] [Server thread/INFO]: Using default channel type
[13:00:55] [Server thread/INFO]: Set PluginClassLoader as parallel capable
[13:00:55] [Server thread/INFO]: [MineChef] Loading MineChef v0.1-SNAPSHOT
[13:00:55] [Server thread/WARN]: **** SERVER IS RUNNING IN OFFLINE/INSECURE MODE!
[13:00:55] [Server thread/WARN]: The server will make no attempt to authenticate usernames. Beware.
[13:00:55] [Server thread/WARN]: While this makes the game possible to play without internet access, it also opens up the ability for hackers to connect with any username they choose.
[13:00:55] [Server thread/WARN]: To change this, set "online-mode" to "true" in the server.properties file.
[13:00:55] [Server thread/INFO]: **** Beginning UUID conversion, this may take A LONG time ****
[13:00:55] [Server thread/INFO]: Preparing level "world"
[13:00:55] [Server thread/INFO]: -------- World Settings For [world] --------
[13:00:55] [Server thread/INFO]: Item Despawn Rate: 6000
[13:00:55] [Server thread/INFO]: Item Merge Radius: 2.5
[13:00:55] [Server thread/INFO]: Arrow Despawn Rate: 1200
[13:00:55] [Server thread/INFO]: Zombie Aggressive Towards Villager: true
[13:00:55] [Server thread/INFO]: Nerfing mobs spawned from spawners: false
[13:00:55] [Server thread/INFO]: View Distance: 10
[13:00:55] [Server thread/INFO]: Experience Merge Radius: 3.0
[13:00:55] [Server thread/INFO]: Allow Zombie Pigmen to spawn from portal blocks: true
[13:00:55] [Server thread/INFO]: Mob Spawn Range: 4
[13:00:55] [Server thread/INFO]: Cactus Growth Modifier: 100%
[13:00:55] [Server thread/INFO]: Cane Growth Modifier: 100%
[13:00:55] [Server thread/INFO]: Melon Growth Modifier: 100%
[13:00:55] [Server thread/INFO]: Mushroom Growth Modifier: 100%
[13:00:55] [Server thread/INFO]: Pumpkin Growth Modifier: 100%
[13:00:55] [Server thread/INFO]: Sapling Growth Modifier: 100%
[13:00:55] [Server thread/INFO]: Wheat Growth Modifier: 100%
[13:00:55] [Server thread/INFO]: NetherWart Growth Modifier: 100%
[13:00:55] [Server thread/INFO]: Vine Growth Modifier: 100%
[13:00:55] [Server thread/INFO]: Cocoa Growth Modifier: 100%
[13:00:55] [Server thread/INFO]: Entity Activation Range: An 32 / Mo 32 / Mi 16
[13:00:55] [Server thread/INFO]: Entity Tracking Range: Pl 48 / An 48 / Mo 48 / Mi 32 / Other 64
[13:00:55] [Server thread/INFO]: Hopper Transfer: 8 Hopper Check: 8 Hopper Amount: 1
[13:00:55] [Server thread/INFO]: Random Lighting Updates: false
[13:00:55] [Server thread/INFO]: Structure Info Saving: true
[13:00:55] [Server thread/INFO]: Custom Map Seeds:  Village: 10387312 Feature: 14357617
[13:00:55] [Server thread/INFO]: Max TNT Explosions: 100
[13:00:55] [Server thread/INFO]: Tile Max Tick Time: 50ms Entity max Tick Time: 50ms
[13:00:55] [Server thread/INFO]: -------- World Settings For [world_nether] --------
[13:00:55] [Server thread/INFO]: Item Despawn Rate: 6000
[13:00:55] [Server thread/INFO]: Item Merge Radius: 2.5
[13:00:55] [Server thread/INFO]: Arrow Despawn Rate: 1200
[13:00:55] [Server thread/INFO]: Zombie Aggressive Towards Villager: true
[13:00:55] [Server thread/INFO]: Nerfing mobs spawned from spawners: false
[13:00:55] [Server thread/INFO]: View Distance: 10
[13:00:55] [Server thread/INFO]: Experience Merge Radius: 3.0
[13:00:55] [Server thread/INFO]: Allow Zombie Pigmen to spawn from portal blocks: true
[13:00:55] [Server thread/INFO]: Mob Spawn Range: 4
[13:00:55] [Server thread/INFO]: Cactus Growth Modifier: 100%
[13:00:55] [Server thread/INFO]: Cane Growth Modifier: 100%
[13:00:55] [Server thread/INFO]: Melon Growth Modifier: 100%
[13:00:55] [Server thread/INFO]: Mushroom Growth Modifier: 100%
[13:00:55] [Server thread/INFO]: Pumpkin Growth Modifier: 100%
[13:00:55] [Server thread/INFO]: Sapling Growth Modifier: 100%
[13:00:55] [Server thread/INFO]: Wheat Growth Modifier: 100%
[13:00:55] [Server thread/INFO]: NetherWart Growth Modifier: 100%
[13:00:55] [Server thread/INFO]: Vine Growth Modifier: 100%
[13:00:55] [Server thread/INFO]: Cocoa Growth Modifier: 100%
[13:00:55] [Server thread/INFO]: Entity Activation Range: An 32 / Mo 32 / Mi 16
[13:00:55] [Server thread/INFO]: Entity Tracking Range: Pl 48 / An 48 / Mo 48 / Mi 32 / Other 64
[13:00:55] [Server thread/INFO]: Hopper Transfer: 8 Hopper Check: 8 Hopper Amount: 1
[13:00:55] [Server thread/INFO]: Random Lighting Updates: false
[13:00:55] [Server thread/INFO]: Structure Info Saving: true
[13:00:55] [Server thread/INFO]: Custom Map Seeds:  Village: 10387312 Feature: 14357617
[13:00:55] [Server thread/INFO]: Max TNT Explosions: 100
[13:00:55] [Server thread/INFO]: Tile Max Tick Time: 50ms Entity max Tick Time: 50ms
[13:00:55] [Server thread/INFO]: -------- World Settings For [world_the_end] --------
[13:00:55] [Server thread/INFO]: Item Despawn Rate: 6000
[13:00:55] [Server thread/INFO]: Item Merge Radius: 2.5
[13:00:55] [Server thread/INFO]: Arrow Despawn Rate: 1200
[13:00:55] [Server thread/INFO]: Zombie Aggressive Towards Villager: true
[13:00:55] [Server thread/INFO]: Nerfing mobs spawned from spawners: false
[13:00:55] [Server thread/INFO]: View Distance: 10
[13:00:55] [Server thread/INFO]: Experience Merge Radius: 3.0
[13:00:55] [Server thread/INFO]: Allow Zombie Pigmen to spawn from portal blocks: true
[13:00:55] [Server thread/INFO]: Mob Spawn Range: 4
[13:00:55] [Server thread/INFO]: Cactus Growth Modifier: 100%
[13:00:55] [Server thread/INFO]: Cane Growth Modifier: 100%
[13:00:55] [Server thread/INFO]: Melon Growth Modifier: 100%
[13:00:55] [Server thread/INFO]: Mushroom Growth Modifier: 100%
[13:00:55] [Server thread/INFO]: Pumpkin Growth Modifier: 100%
[13:00:55] [Server thread/INFO]: Sapling Growth Modifier: 100%
[13:00:55] [Server thread/INFO]: Wheat Growth Modifier: 100%
[13:00:55] [Server thread/INFO]: NetherWart Growth Modifier: 100%
[13:00:55] [Server thread/INFO]: Vine Growth Modifier: 100%
[13:00:55] [Server thread/INFO]: Cocoa Growth Modifier: 100%
[13:00:55] [Server thread/INFO]: Entity Activation Range: An 32 / Mo 32 / Mi 16
[13:00:55] [Server thread/INFO]: Entity Tracking Range: Pl 48 / An 48 / Mo 48 / Mi 32 / Other 64
[13:00:55] [Server thread/INFO]: Hopper Transfer: 8 Hopper Check: 8 Hopper Amount: 1
[13:00:55] [Server thread/INFO]: Random Lighting Updates: false
[13:00:55] [Server thread/INFO]: Structure Info Saving: true
[13:00:55] [Server thread/INFO]: Custom Map Seeds:  Village: 10387312 Feature: 14357617
[13:00:55] [Server thread/INFO]: Max TNT Explosions: 100
[13:00:55] [Server thread/INFO]: Tile Max Tick Time: 50ms Entity max Tick Time: 50ms
[13:00:55] [Server thread/INFO]: Preparing start region for level 0 (Seed: 3736255817155530355)
[13:00:56] [Server thread/INFO]: Preparing spawn area: 4%
[13:00:57] [Server thread/INFO]: Preparing spawn area: 34%
[13:00:58] [Server thread/INFO]: Preparing spawn area: 46%
[13:00:59] [Server thread/INFO]: Preparing spawn area: 59%
[13:01:00] [Server thread/INFO]: Preparing spawn area: 93%
[13:01:01] [Server thread/INFO]: Preparing start region for level 1 (Seed: 3736255817155530355)
[13:01:02] [Server thread/INFO]: Preparing spawn area: 52%
[13:01:02] [Server thread/INFO]: Preparing start region for level 2 (Seed: 3736255817155530355)
[13:01:03] [Server thread/INFO]: [MineChef] Enabling MineChef v0.1-SNAPSHOT
[13:01:03] [Server thread/INFO]: Server permissions file permissions.yml is empty, ignoring it
[13:01:03] [Server thread/INFO]: Done (8.193s)! For help, type "help" or "?"
[13:01:29] [User Authenticator #1/INFO]: UUID of player OneEyedJames is 8c7a3480-4c8a-3c81-91fc-6663db695c98
[13:01:29] [Server thread/INFO]: OneEyedJames[/127.0.0.1:54779] logged in with entity id 323 at ([world]221.3067456104523, 64.0, 261.82042931848594)
[13:04:14] [Server thread/WARN]: Horse moved wrongly!
[13:04:14] [Server thread/WARN]: Horse moved wrongly!
[13:04:15] [Server thread/WARN]: Horse moved wrongly!
[13:04:15] [Server thread/WARN]: Horse moved wrongly!
[13:04:15] [Server thread/WARN]: Horse moved wrongly!
[13:04:16] [Server thread/WARN]: Horse moved wrongly!
[13:04:17] [Server thread/WARN]: Horse moved wrongly!
[13:04:23] [Server thread/WARN]: Horse moved wrongly!
[13:04:24] [Server thread/WARN]: Horse moved wrongly!
[13:04:24] [Server thread/WARN]: Horse moved wrongly!
[13:04:24] [Server thread/WARN]: Horse moved wrongly!
[13:04:25] [Server thread/WARN]: Horse moved wrongly!
[13:04:26] [Server thread/WARN]: Horse moved wrongly!
[13:04:26] [Server thread/WARN]: Horse moved wrongly!
[13:04:26] [Server thread/WARN]: Horse moved wrongly!
[13:04:26] [Server thread/WARN]: Horse moved wrongly!
[13:04:27] [Server thread/WARN]: Horse moved wrongly!
[13:04:27] [Server thread/WARN]: Horse moved wrongly!
[13:04:27] [Server thread/WARN]: Horse moved wrongly!
[13:04:45] [Server thread/INFO]: OneEyedJames lost connection: Disconnected
[13:04:45] [Server thread/INFO]: OneEyedJames left the game
[13:04:49] [Server thread/INFO]: Stopping the server
[13:04:49] [Server thread/INFO]: Stopping server
[13:04:49] [Server thread/INFO]: [MineChef] Disabling MineChef v0.1-SNAPSHOT
[13:04:49] [Server thread/INFO]: Saving players
[13:04:49] [Server thread/INFO]: Saving worlds
[13:04:49] [Server thread/INFO]: Saving chunks for level 'world'/Overworld
[13:04:49] [Server thread/INFO]: Saving chunks for level 'world_nether'/Nether
[13:04:49] [Server thread/INFO]: Saving chunks for level 'world_the_end'/The End
