[20:53:36] [Server thread/INFO]: Loading properties
[20:53:36] [Server thread/INFO]: Default game type: SURVIVAL
[20:53:36] [Server thread/INFO]: This server is running CraftBukkit version git-Spigot-cd6ba67-6aa0fa3 (MC: 1.12) (Implementing API version 1.12-R0.1-SNAPSHOT)
[20:53:37] [Server thread/INFO]: Debug logging is disabled
[20:53:37] [Server thread/INFO]: Server Ping Player Sample Count: 12
[20:53:37] [Server thread/INFO]: Using 4 threads for Netty based IO
[20:53:37] [Server thread/INFO]: Generating keypair
[20:53:37] [Server thread/INFO]: Starting Minecraft server on *:25565
[20:53:37] [Server thread/INFO]: Using default channel type
[20:53:39] [Server thread/INFO]: Set PluginClassLoader as parallel capable
[20:53:39] [Server thread/INFO]: [MineChef] Loading MineChef v0.1-SNAPSHOT
[20:53:39] [Server thread/WARN]: **** SERVER IS RUNNING IN OFFLINE/INSECURE MODE!
[20:53:39] [Server thread/WARN]: The server will make no attempt to authenticate usernames. Beware.
[20:53:39] [Server thread/WARN]: While this makes the game possible to play without internet access, it also opens up the ability for hackers to connect with any username they choose.
[20:53:39] [Server thread/WARN]: To change this, set "online-mode" to "true" in the server.properties file.
[20:53:39] [Server thread/INFO]: **** Beginning UUID conversion, this may take A LONG time ****
[20:53:39] [Server thread/INFO]: Preparing level "world"
[20:53:39] [Server thread/INFO]: -------- World Settings For [world] --------
[20:53:39] [Server thread/INFO]: Item Despawn Rate: 6000
[20:53:39] [Server thread/INFO]: Item Merge Radius: 2.5
[20:53:39] [Server thread/INFO]: Experience Merge Radius: 3.0
[20:53:39] [Server thread/INFO]: Zombie Aggressive Towards Villager: true
[20:53:39] [Server thread/INFO]: Arrow Despawn Rate: 1200
[20:53:39] [Server thread/INFO]: Allow Zombie Pigmen to spawn from portal blocks: true
[20:53:39] [Server thread/INFO]: View Distance: 10
[20:53:39] [Server thread/INFO]: Nerfing mobs spawned from spawners: false
[20:53:39] [Server thread/INFO]: Mob Spawn Range: 4
[20:53:39] [Server thread/INFO]: Cactus Growth Modifier: 100%
[20:53:39] [Server thread/INFO]: Cane Growth Modifier: 100%
[20:53:39] [Server thread/INFO]: Melon Growth Modifier: 100%
[20:53:39] [Server thread/INFO]: Mushroom Growth Modifier: 100%
[20:53:39] [Server thread/INFO]: Pumpkin Growth Modifier: 100%
[20:53:39] [Server thread/INFO]: Sapling Growth Modifier: 100%
[20:53:39] [Server thread/INFO]: Wheat Growth Modifier: 100%
[20:53:39] [Server thread/INFO]: NetherWart Growth Modifier: 100%
[20:53:39] [Server thread/INFO]: Vine Growth Modifier: 100%
[20:53:39] [Server thread/INFO]: Cocoa Growth Modifier: 100%
[20:53:39] [Server thread/INFO]: Entity Activation Range: An 32 / Mo 32 / Mi 16
[20:53:39] [Server thread/INFO]: Entity Tracking Range: Pl 48 / An 48 / Mo 48 / Mi 32 / Other 64
[20:53:39] [Server thread/INFO]: Hopper Transfer: 8 Hopper Check: 1 Hopper Amount: 1
[20:53:39] [Server thread/INFO]: Random Lighting Updates: false
[20:53:39] [Server thread/INFO]: Structure Info Saving: true
[20:53:39] [Server thread/INFO]: Custom Map Seeds:  Village: 10387312 Feature: 14357617 Monument: 10387313 Slime: 987234911
[20:53:39] [Server thread/INFO]: Max TNT Explosions: 100
[20:53:39] [Server thread/INFO]: Tile Max Tick Time: 50ms Entity max Tick Time: 50ms
[20:53:40] [Server thread/INFO]: -------- World Settings For [world_nether] --------
[20:53:40] [Server thread/INFO]: Item Despawn Rate: 6000
[20:53:40] [Server thread/INFO]: Item Merge Radius: 2.5
[20:53:40] [Server thread/INFO]: Experience Merge Radius: 3.0
[20:53:40] [Server thread/INFO]: Zombie Aggressive Towards Villager: true
[20:53:40] [Server thread/INFO]: Arrow Despawn Rate: 1200
[20:53:40] [Server thread/INFO]: Allow Zombie Pigmen to spawn from portal blocks: true
[20:53:40] [Server thread/INFO]: View Distance: 10
[20:53:40] [Server thread/INFO]: Nerfing mobs spawned from spawners: false
[20:53:40] [Server thread/INFO]: Mob Spawn Range: 4
[20:53:40] [Server thread/INFO]: Cactus Growth Modifier: 100%
[20:53:40] [Server thread/INFO]: Cane Growth Modifier: 100%
[20:53:40] [Server thread/INFO]: Melon Growth Modifier: 100%
[20:53:40] [Server thread/INFO]: Mushroom Growth Modifier: 100%
[20:53:40] [Server thread/INFO]: Pumpkin Growth Modifier: 100%
[20:53:40] [Server thread/INFO]: Sapling Growth Modifier: 100%
[20:53:40] [Server thread/INFO]: Wheat Growth Modifier: 100%
[20:53:40] [Server thread/INFO]: NetherWart Growth Modifier: 100%
[20:53:40] [Server thread/INFO]: Vine Growth Modifier: 100%
[20:53:40] [Server thread/INFO]: Cocoa Growth Modifier: 100%
[20:53:40] [Server thread/INFO]: Entity Activation Range: An 32 / Mo 32 / Mi 16
[20:53:40] [Server thread/INFO]: Entity Tracking Range: Pl 48 / An 48 / Mo 48 / Mi 32 / Other 64
[20:53:40] [Server thread/INFO]: Hopper Transfer: 8 Hopper Check: 1 Hopper Amount: 1
[20:53:40] [Server thread/INFO]: Random Lighting Updates: false
[20:53:40] [Server thread/INFO]: Structure Info Saving: true
[20:53:40] [Server thread/INFO]: Custom Map Seeds:  Village: 10387312 Feature: 14357617 Monument: 10387313 Slime: 987234911
[20:53:40] [Server thread/INFO]: Max TNT Explosions: 100
[20:53:40] [Server thread/INFO]: Tile Max Tick Time: 50ms Entity max Tick Time: 50ms
[20:53:40] [Server thread/INFO]: -------- World Settings For [world_the_end] --------
[20:53:40] [Server thread/INFO]: Item Despawn Rate: 6000
[20:53:40] [Server thread/INFO]: Item Merge Radius: 2.5
[20:53:40] [Server thread/INFO]: Experience Merge Radius: 3.0
[20:53:40] [Server thread/INFO]: Zombie Aggressive Towards Villager: true
[20:53:40] [Server thread/INFO]: Arrow Despawn Rate: 1200
[20:53:40] [Server thread/INFO]: Allow Zombie Pigmen to spawn from portal blocks: true
[20:53:40] [Server thread/INFO]: View Distance: 10
[20:53:40] [Server thread/INFO]: Nerfing mobs spawned from spawners: false
[20:53:40] [Server thread/INFO]: Mob Spawn Range: 4
[20:53:40] [Server thread/INFO]: Cactus Growth Modifier: 100%
[20:53:40] [Server thread/INFO]: Cane Growth Modifier: 100%
[20:53:40] [Server thread/INFO]: Melon Growth Modifier: 100%
[20:53:40] [Server thread/INFO]: Mushroom Growth Modifier: 100%
[20:53:40] [Server thread/INFO]: Pumpkin Growth Modifier: 100%
[20:53:40] [Server thread/INFO]: Sapling Growth Modifier: 100%
[20:53:40] [Server thread/INFO]: Wheat Growth Modifier: 100%
[20:53:40] [Server thread/INFO]: NetherWart Growth Modifier: 100%
[20:53:40] [Server thread/INFO]: Vine Growth Modifier: 100%
[20:53:40] [Server thread/INFO]: Cocoa Growth Modifier: 100%
[20:53:40] [Server thread/INFO]: Entity Activation Range: An 32 / Mo 32 / Mi 16
[20:53:40] [Server thread/INFO]: Entity Tracking Range: Pl 48 / An 48 / Mo 48 / Mi 32 / Other 64
[20:53:40] [Server thread/INFO]: Hopper Transfer: 8 Hopper Check: 1 Hopper Amount: 1
[20:53:40] [Server thread/INFO]: Random Lighting Updates: false
[20:53:40] [Server thread/INFO]: Structure Info Saving: true
[20:53:40] [Server thread/INFO]: Custom Map Seeds:  Village: 10387312 Feature: 14357617 Monument: 10387313 Slime: 987234911
[20:53:40] [Server thread/INFO]: Max TNT Explosions: 100
[20:53:40] [Server thread/INFO]: Tile Max Tick Time: 50ms Entity max Tick Time: 50ms
[20:53:40] [Server thread/INFO]: Preparing start region for level 0 (Seed: 1408803813)
[20:53:41] [Server thread/INFO]: Preparing spawn area: 7%
[20:53:42] [Server thread/INFO]: Preparing spawn area: 35%
[20:53:43] [Server thread/INFO]: Preparing spawn area: 65%
[20:53:44] [Server thread/INFO]: Preparing spawn area: 80%
[20:53:45] [Server thread/INFO]: Preparing spawn area: 86%
[20:53:46] [Server thread/INFO]: Preparing spawn area: 89%
[20:53:47] [Server thread/INFO]: Preparing spawn area: 94%
[20:53:48] [Server thread/INFO]: Preparing start region for level 1 (Seed: 1408803813)
[20:53:49] [Server thread/INFO]: Preparing spawn area: 80%
[20:53:49] [Server thread/INFO]: Preparing start region for level 2 (Seed: 1408803813)
[20:53:50] [Server thread/INFO]: [MineChef] Enabling MineChef v0.1-SNAPSHOT
[20:53:50] [Server thread/INFO]: Server permissions file permissions.yml is empty, ignoring it
[20:53:50] [Server thread/INFO]: Done (11.345s)! For help, type "help" or "?"
[20:53:57] [User Authenticator #1/INFO]: UUID of player Andrew is e3b5e958-66d0-3326-b46f-86f10441d740
[20:53:57] [Server thread/INFO]: Andrew[/127.0.0.1:61926] logged in with entity id 156 at ([world]231.5, 73.0, 265.5)
[20:58:12] [Server thread/INFO]: Given [Diamond Axe] * 1 to Andrew
[21:05:09] [Server thread/INFO]: Andrew has made the advancement [Sweet dreams]
[21:17:53] [Server thread/INFO]: Set Andrew's game mode to Creative Mode
[21:42:01] [Server thread/INFO]: Andrew lost connection: Disconnected
[21:42:01] [Server thread/INFO]: Andrew left the game
[21:42:06] [Server thread/INFO]: Stopping the server
[21:42:06] [Server thread/INFO]: Stopping server
[21:42:06] [Server thread/INFO]: [MineChef] Disabling MineChef v0.1-SNAPSHOT
[21:42:06] [Server thread/INFO]: Saving players
[21:42:07] [Server thread/INFO]: Saving worlds
[21:42:07] [Server thread/INFO]: Saving chunks for level 'world'/overworld
[21:42:07] [Server thread/INFO]: Saving chunks for level 'world_nether'/the_nether
[21:42:07] [Server thread/INFO]: Saving chunks for level 'world_the_end'/the_end
