[22:03:12] [Server thread/INFO]: Starting minecraft server version 1.11
[22:03:12] [Server thread/INFO]: Loading properties
[22:03:12] [Server thread/INFO]: Default game type: SURVIVAL
[22:03:13] [Server thread/INFO]: This server is running CraftBukkit version git-Spigot-f950f8e-622630c (MC: 1.11) (Implementing API version 1.11-R0.1-SNAPSHOT)
[22:03:13] [Server thread/INFO]: Debug logging is disabled
[22:03:13] [Server thread/INFO]: Server Ping Player Sample Count: 12
[22:03:13] [Server thread/INFO]: Using 4 threads for Netty based IO
[22:03:13] [Server thread/INFO]: Generating keypair
[22:03:13] [Server thread/INFO]: Starting Minecraft server on *:25565
[22:03:13] [Server thread/INFO]: Using default channel type
[22:03:13] [Server thread/INFO]: Set PluginClassLoader as parallel capable
[22:03:13] [Server thread/INFO]: [MineChef] Loading MineChef v0.1-SNAPSHOT
[22:03:13] [Server thread/WARN]: **** SERVER IS RUNNING IN OFFLINE/INSECURE MODE!
[22:03:13] [Server thread/WARN]: The server will make no attempt to authenticate usernames. Beware.
[22:03:13] [Server thread/WARN]: While this makes the game possible to play without internet access, it also opens up the ability for hackers to connect with any username they choose.
[22:03:13] [Server thread/WARN]: To change this, set "online-mode" to "true" in the server.properties file.
[22:03:13] [Server thread/INFO]: **** Beginning UUID conversion, this may take A LONG time ****
[22:03:13] [Server thread/INFO]: Preparing level "world"
[22:03:13] [Server thread/INFO]: -------- World Settings For [world] --------
[22:03:13] [Server thread/INFO]: View Distance: 10
[22:03:13] [Server thread/INFO]: Zombie Aggressive Towards Villager: true
[22:03:13] [Server thread/INFO]: Nerfing mobs spawned from spawners: false
[22:03:13] [Server thread/INFO]: Arrow Despawn Rate: 1200
[22:03:13] [Server thread/INFO]: Cactus Growth Modifier: 100%
[22:03:13] [Server thread/INFO]: Cane Growth Modifier: 100%
[22:03:13] [Server thread/INFO]: Melon Growth Modifier: 100%
[22:03:13] [Server thread/INFO]: Mushroom Growth Modifier: 100%
[22:03:13] [Server thread/INFO]: Pumpkin Growth Modifier: 100%
[22:03:13] [Server thread/INFO]: Sapling Growth Modifier: 100%
[22:03:13] [Server thread/INFO]: Wheat Growth Modifier: 100%
[22:03:13] [Server thread/INFO]: NetherWart Growth Modifier: 100%
[22:03:13] [Server thread/INFO]: Vine Growth Modifier: 100%
[22:03:13] [Server thread/INFO]: Cocoa Growth Modifier: 100%
[22:03:13] [Server thread/INFO]: Mob Spawn Range: 4
[22:03:13] [Server thread/INFO]: Entity Activation Range: An 32 / Mo 32 / Mi 16
[22:03:13] [Server thread/INFO]: Entity Tracking Range: Pl 48 / An 48 / Mo 48 / Mi 32 / Other 64
[22:03:13] [Server thread/INFO]: Hopper Transfer: 8 Hopper Check: 8 Hopper Amount: 1
[22:03:13] [Server thread/INFO]: Random Lighting Updates: false
[22:03:13] [Server thread/INFO]: Structure Info Saving: true
[22:03:13] [Server thread/INFO]: Custom Map Seeds:  Village: 10387312 Feature: 14357617
[22:03:13] [Server thread/INFO]: Max TNT Explosions: 100
[22:03:13] [Server thread/INFO]: Tile Max Tick Time: 50ms Entity max Tick Time: 50ms
[22:03:13] [Server thread/INFO]: Allow Zombie Pigmen to spawn from portal blocks: true
[22:03:13] [Server thread/INFO]: Item Despawn Rate: 6000
[22:03:13] [Server thread/INFO]: Item Merge Radius: 2.5
[22:03:13] [Server thread/INFO]: Experience Merge Radius: 3.0
[22:03:13] [Server thread/INFO]: -------- World Settings For [world_nether] --------
[22:03:13] [Server thread/INFO]: View Distance: 10
[22:03:13] [Server thread/INFO]: Zombie Aggressive Towards Villager: true
[22:03:13] [Server thread/INFO]: Nerfing mobs spawned from spawners: false
[22:03:13] [Server thread/INFO]: Arrow Despawn Rate: 1200
[22:03:13] [Server thread/INFO]: Cactus Growth Modifier: 100%
[22:03:13] [Server thread/INFO]: Cane Growth Modifier: 100%
[22:03:13] [Server thread/INFO]: Melon Growth Modifier: 100%
[22:03:13] [Server thread/INFO]: Mushroom Growth Modifier: 100%
[22:03:13] [Server thread/INFO]: Pumpkin Growth Modifier: 100%
[22:03:13] [Server thread/INFO]: Sapling Growth Modifier: 100%
[22:03:13] [Server thread/INFO]: Wheat Growth Modifier: 100%
[22:03:13] [Server thread/INFO]: NetherWart Growth Modifier: 100%
[22:03:13] [Server thread/INFO]: Vine Growth Modifier: 100%
[22:03:13] [Server thread/INFO]: Cocoa Growth Modifier: 100%
[22:03:13] [Server thread/INFO]: Mob Spawn Range: 4
[22:03:13] [Server thread/INFO]: Entity Activation Range: An 32 / Mo 32 / Mi 16
[22:03:13] [Server thread/INFO]: Entity Tracking Range: Pl 48 / An 48 / Mo 48 / Mi 32 / Other 64
[22:03:13] [Server thread/INFO]: Hopper Transfer: 8 Hopper Check: 8 Hopper Amount: 1
[22:03:13] [Server thread/INFO]: Random Lighting Updates: false
[22:03:13] [Server thread/INFO]: Structure Info Saving: true
[22:03:13] [Server thread/INFO]: Custom Map Seeds:  Village: 10387312 Feature: 14357617
[22:03:13] [Server thread/INFO]: Max TNT Explosions: 100
[22:03:13] [Server thread/INFO]: Tile Max Tick Time: 50ms Entity max Tick Time: 50ms
[22:03:13] [Server thread/INFO]: Allow Zombie Pigmen to spawn from portal blocks: true
[22:03:13] [Server thread/INFO]: Item Despawn Rate: 6000
[22:03:13] [Server thread/INFO]: Item Merge Radius: 2.5
[22:03:13] [Server thread/INFO]: Experience Merge Radius: 3.0
[22:03:13] [Server thread/INFO]: -------- World Settings For [world_the_end] --------
[22:03:13] [Server thread/INFO]: View Distance: 10
[22:03:13] [Server thread/INFO]: Zombie Aggressive Towards Villager: true
[22:03:13] [Server thread/INFO]: Nerfing mobs spawned from spawners: false
[22:03:13] [Server thread/INFO]: Arrow Despawn Rate: 1200
[22:03:13] [Server thread/INFO]: Cactus Growth Modifier: 100%
[22:03:13] [Server thread/INFO]: Cane Growth Modifier: 100%
[22:03:13] [Server thread/INFO]: Melon Growth Modifier: 100%
[22:03:13] [Server thread/INFO]: Mushroom Growth Modifier: 100%
[22:03:13] [Server thread/INFO]: Pumpkin Growth Modifier: 100%
[22:03:13] [Server thread/INFO]: Sapling Growth Modifier: 100%
[22:03:13] [Server thread/INFO]: Wheat Growth Modifier: 100%
[22:03:13] [Server thread/INFO]: NetherWart Growth Modifier: 100%
[22:03:13] [Server thread/INFO]: Vine Growth Modifier: 100%
[22:03:13] [Server thread/INFO]: Cocoa Growth Modifier: 100%
[22:03:13] [Server thread/INFO]: Mob Spawn Range: 4
[22:03:13] [Server thread/INFO]: Entity Activation Range: An 32 / Mo 32 / Mi 16
[22:03:13] [Server thread/INFO]: Entity Tracking Range: Pl 48 / An 48 / Mo 48 / Mi 32 / Other 64
[22:03:13] [Server thread/INFO]: Hopper Transfer: 8 Hopper Check: 8 Hopper Amount: 1
[22:03:13] [Server thread/INFO]: Random Lighting Updates: false
[22:03:13] [Server thread/INFO]: Structure Info Saving: true
[22:03:13] [Server thread/INFO]: Custom Map Seeds:  Village: 10387312 Feature: 14357617
[22:03:13] [Server thread/INFO]: Max TNT Explosions: 100
[22:03:13] [Server thread/INFO]: Tile Max Tick Time: 50ms Entity max Tick Time: 50ms
[22:03:13] [Server thread/INFO]: Allow Zombie Pigmen to spawn from portal blocks: true
[22:03:13] [Server thread/INFO]: Item Despawn Rate: 6000
[22:03:13] [Server thread/INFO]: Item Merge Radius: 2.5
[22:03:13] [Server thread/INFO]: Experience Merge Radius: 3.0
[22:03:13] [Server thread/INFO]: Preparing start region for level 0 (Seed: 1730963159847194472)
[22:03:14] [Server thread/INFO]: Preparing spawn area: 31%
[22:03:15] [Server thread/INFO]: Preparing start region for level 1 (Seed: 1730963159847194472)
[22:03:16] [Server thread/INFO]: Preparing start region for level 2 (Seed: 1730963159847194472)
[22:03:16] [Server thread/INFO]: [MineChef] Enabling MineChef v0.1-SNAPSHOT
[22:03:16] [Server thread/INFO]: Server permissions file permissions.yml is empty, ignoring it
[22:03:16] [Server thread/INFO]: Done (2.940s)! For help, type "help" or "?"
[22:03:21] [User Authenticator #1/INFO]: UUID of player OneEyedJames is 8c7a3480-4c8a-3c81-91fc-6663db695c98
[22:03:22] [Server thread/INFO]: OneEyedJames[/127.0.0.1:62685] logged in with entity id 217 at ([world]-102.6474340213277, 79.0, 237.7320303538608)
[22:28:38] [Server thread/INFO]: OneEyedJames lost connection: Disconnected
[22:28:38] [Server thread/INFO]: OneEyedJames left the game
[22:28:43] [Server thread/INFO]: Stopping the server
[22:28:43] [Server thread/INFO]: Stopping server
[22:28:43] [Server thread/INFO]: [MineChef] Disabling MineChef v0.1-SNAPSHOT
[22:28:43] [Server thread/INFO]: Saving players
[22:28:43] [Server thread/INFO]: Saving worlds
[22:28:43] [Server thread/INFO]: Saving chunks for level 'world'/Overworld
[22:28:43] [Server thread/INFO]: Saving chunks for level 'world_nether'/Nether
[22:28:43] [Server thread/INFO]: Saving chunks for level 'world_the_end'/The End
