[08:17:19] [Server thread/INFO]: Starting minecraft server version 1.9
[08:17:19] [Server thread/INFO]: Loading properties
[08:17:19] [Server thread/WARN]: ressource-pack-hash is depricated. Please use ressource-pack-sha1 instead.
[08:17:19] [Server thread/INFO]: Default game type: SURVIVAL
[08:17:19] [Server thread/INFO]: This server is running CraftBukkit version git-Spigot-ee4e41a-ea28c1e (MC: 1.9) (Implementing API version 1.9-R0.1-SNAPSHOT)
[08:17:19] [Server thread/INFO]: Debug logging is disabled
[08:17:19] [Server thread/INFO]: Server Ping Player Sample Count: 12
[08:17:19] [Server thread/INFO]: Using 4 threads for Netty based IO
[08:17:19] [Server thread/INFO]: Generating keypair
[08:17:20] [Server thread/INFO]: Starting Minecraft server on *:25565
[08:17:20] [Server thread/INFO]: Using default channel type
[08:17:20] [Server thread/INFO]: Set PluginClassLoader as parallel capable
[08:17:20] [Server thread/INFO]: [MineChef] Loading MineChef v1.0
[08:17:20] [Server thread/WARN]: **** SERVER IS RUNNING IN OFFLINE/INSECURE MODE!
[08:17:20] [Server thread/WARN]: The server will make no attempt to authenticate usernames. Beware.
[08:17:20] [Server thread/WARN]: While this makes the game possible to play without internet access, it also opens up the ability for hackers to connect with any username they choose.
[08:17:20] [Server thread/WARN]: To change this, set "online-mode" to "true" in the server.properties file.
[08:17:20] [Server thread/INFO]: **** Beginning UUID conversion, this may take A LONG time ****
[08:17:20] [Server thread/INFO]: Preparing level "world"
[08:17:20] [Server thread/INFO]: -------- World Settings For [world] --------
[08:17:20] [Server thread/INFO]: Item Despawn Rate: 6000
[08:17:20] [Server thread/INFO]: Item Merge Radius: 2.5
[08:17:20] [Server thread/INFO]: Arrow Despawn Rate: 1200
[08:17:20] [Server thread/INFO]: View Distance: 10
[08:17:20] [Server thread/INFO]: Mob Spawn Range: 4
[08:17:20] [Server thread/INFO]: Max TNT Explosions: 100
[08:17:20] [Server thread/INFO]: Tile Max Tick Time: 50ms Entity max Tick Time: 50ms
[08:17:20] [Server thread/INFO]: Max Entity Collisions: 8
[08:17:20] [Server thread/INFO]: Entity Activation Range: An 32 / Mo 32 / Mi 16
[08:17:20] [Server thread/INFO]: Entity Tracking Range: Pl 48 / An 48 / Mo 48 / Mi 32 / Other 64
[08:17:20] [Server thread/INFO]: Hopper Transfer: 8 Hopper Check: 8 Hopper Amount: 1
[08:17:20] [Server thread/INFO]: Custom Map Seeds:  Village: 10387312 Feature: 14357617
[08:17:20] [Server thread/INFO]: Cactus Growth Modifier: 100%
[08:17:20] [Server thread/INFO]: Cane Growth Modifier: 100%
[08:17:20] [Server thread/INFO]: Melon Growth Modifier: 100%
[08:17:20] [Server thread/INFO]: Mushroom Growth Modifier: 100%
[08:17:20] [Server thread/INFO]: Pumpkin Growth Modifier: 100%
[08:17:20] [Server thread/INFO]: Sapling Growth Modifier: 100%
[08:17:20] [Server thread/INFO]: Wheat Growth Modifier: 100%
[08:17:20] [Server thread/INFO]: NetherWart Growth Modifier: 100%
[08:17:20] [Server thread/INFO]: Nerfing mobs spawned from spawners: false
[08:17:20] [Server thread/INFO]: Random Lighting Updates: false
[08:17:20] [Server thread/INFO]: Structure Info Saving: true
[08:17:20] [Server thread/INFO]: Allow Zombie Pigmen to spawn from portal blocks: true
[08:17:20] [Server thread/INFO]: Zombie Aggressive Towards Villager: true
[08:17:20] [Server thread/INFO]: Experience Merge Radius: 3.0
[08:17:21] [Server thread/INFO]: -------- World Settings For [world_nether] --------
[08:17:21] [Server thread/INFO]: Item Despawn Rate: 6000
[08:17:21] [Server thread/INFO]: Item Merge Radius: 2.5
[08:17:21] [Server thread/INFO]: Arrow Despawn Rate: 1200
[08:17:21] [Server thread/INFO]: View Distance: 10
[08:17:21] [Server thread/INFO]: Mob Spawn Range: 4
[08:17:21] [Server thread/INFO]: Max TNT Explosions: 100
[08:17:21] [Server thread/INFO]: Tile Max Tick Time: 50ms Entity max Tick Time: 50ms
[08:17:21] [Server thread/INFO]: Max Entity Collisions: 8
[08:17:21] [Server thread/INFO]: Entity Activation Range: An 32 / Mo 32 / Mi 16
[08:17:21] [Server thread/INFO]: Entity Tracking Range: Pl 48 / An 48 / Mo 48 / Mi 32 / Other 64
[08:17:21] [Server thread/INFO]: Hopper Transfer: 8 Hopper Check: 8 Hopper Amount: 1
[08:17:21] [Server thread/INFO]: Custom Map Seeds:  Village: 10387312 Feature: 14357617
[08:17:21] [Server thread/INFO]: Cactus Growth Modifier: 100%
[08:17:21] [Server thread/INFO]: Cane Growth Modifier: 100%
[08:17:21] [Server thread/INFO]: Melon Growth Modifier: 100%
[08:17:21] [Server thread/INFO]: Mushroom Growth Modifier: 100%
[08:17:21] [Server thread/INFO]: Pumpkin Growth Modifier: 100%
[08:17:21] [Server thread/INFO]: Sapling Growth Modifier: 100%
[08:17:21] [Server thread/INFO]: Wheat Growth Modifier: 100%
[08:17:21] [Server thread/INFO]: NetherWart Growth Modifier: 100%
[08:17:21] [Server thread/INFO]: Nerfing mobs spawned from spawners: false
[08:17:21] [Server thread/INFO]: Random Lighting Updates: false
[08:17:21] [Server thread/INFO]: Structure Info Saving: true
[08:17:21] [Server thread/INFO]: Allow Zombie Pigmen to spawn from portal blocks: true
[08:17:21] [Server thread/INFO]: Zombie Aggressive Towards Villager: true
[08:17:21] [Server thread/INFO]: Experience Merge Radius: 3.0
[08:17:21] [Server thread/INFO]: -------- World Settings For [world_the_end] --------
[08:17:21] [Server thread/INFO]: Item Despawn Rate: 6000
[08:17:21] [Server thread/INFO]: Item Merge Radius: 2.5
[08:17:21] [Server thread/INFO]: Arrow Despawn Rate: 1200
[08:17:21] [Server thread/INFO]: View Distance: 10
[08:17:21] [Server thread/INFO]: Mob Spawn Range: 4
[08:17:21] [Server thread/INFO]: Max TNT Explosions: 100
[08:17:21] [Server thread/INFO]: Tile Max Tick Time: 50ms Entity max Tick Time: 50ms
[08:17:21] [Server thread/INFO]: Max Entity Collisions: 8
[08:17:21] [Server thread/INFO]: Entity Activation Range: An 32 / Mo 32 / Mi 16
[08:17:21] [Server thread/INFO]: Entity Tracking Range: Pl 48 / An 48 / Mo 48 / Mi 32 / Other 64
[08:17:21] [Server thread/INFO]: Hopper Transfer: 8 Hopper Check: 8 Hopper Amount: 1
[08:17:21] [Server thread/INFO]: Custom Map Seeds:  Village: 10387312 Feature: 14357617
[08:17:21] [Server thread/INFO]: Cactus Growth Modifier: 100%
[08:17:21] [Server thread/INFO]: Cane Growth Modifier: 100%
[08:17:21] [Server thread/INFO]: Melon Growth Modifier: 100%
[08:17:21] [Server thread/INFO]: Mushroom Growth Modifier: 100%
[08:17:21] [Server thread/INFO]: Pumpkin Growth Modifier: 100%
[08:17:21] [Server thread/INFO]: Sapling Growth Modifier: 100%
[08:17:21] [Server thread/INFO]: Wheat Growth Modifier: 100%
[08:17:21] [Server thread/INFO]: NetherWart Growth Modifier: 100%
[08:17:21] [Server thread/INFO]: Nerfing mobs spawned from spawners: false
[08:17:21] [Server thread/INFO]: Random Lighting Updates: false
[08:17:21] [Server thread/INFO]: Structure Info Saving: true
[08:17:21] [Server thread/INFO]: Allow Zombie Pigmen to spawn from portal blocks: true
[08:17:21] [Server thread/INFO]: Zombie Aggressive Towards Villager: true
[08:17:21] [Server thread/INFO]: Experience Merge Radius: 3.0
[08:17:21] [Server thread/INFO]: Preparing start region for level 0 (Seed: 8432319836424930923)
[08:17:22] [Server thread/INFO]: Preparing spawn area: 14%
[08:17:23] [Server thread/INFO]: Preparing spawn area: 32%
[08:17:24] [Server thread/INFO]: Preparing spawn area: 50%
[08:17:25] [Server thread/INFO]: Preparing spawn area: 80%
[08:17:25] [Server thread/INFO]: Preparing start region for level 1 (Seed: 8432319836424930923)
[08:17:26] [Server thread/INFO]: Preparing spawn area: 63%
[08:17:27] [Server thread/INFO]: Preparing start region for level 2 (Seed: 8432319836424930923)
[08:17:27] [Thread-4/INFO]: Stopping server
