[18:47:08] [Server thread/INFO]: Starting minecraft server version 1.12.2
[18:47:08] [Server thread/WARN]: To start the server with more ram, launch it as "java -Xmx1024M -Xms1024M -jar minecraft_server.jar"
[18:47:08] [Server thread/INFO]: Loading properties
[18:47:08] [Server thread/INFO]: Default game type: SURVIVAL
[18:47:08] [Server thread/INFO]: This server is running CraftBukkit version git-Spigot-3d850ec-809c399 (MC: 1.12.2) (Implementing API version 1.12.2-R0.1-SNAPSHOT)
[18:47:09] [Server thread/INFO]: Debug logging is disabled
[18:47:09] [Server thread/INFO]: Server Ping Player Sample Count: 12
[18:47:09] [Server thread/INFO]: Using 4 threads for Netty based IO
[18:47:09] [Server thread/INFO]: Generating keypair
[18:47:09] [Server thread/INFO]: Starting Minecraft server on *:25565
[18:47:09] [Server thread/INFO]: Using default channel type
[18:47:10] [Server thread/INFO]: Set PluginClassLoader as parallel capable
[18:47:10] [Server thread/INFO]: [MineChef] Loading MineChef v0.1-SNAPSHOT
[18:47:10] [Server thread/WARN]: **** SERVER IS RUNNING IN OFFLINE/INSECURE MODE!
[18:47:10] [Server thread/WARN]: The server will make no attempt to authenticate usernames. Beware.
[18:47:10] [Server thread/WARN]: While this makes the game possible to play without internet access, it also opens up the ability for hackers to connect with any username they choose.
[18:47:10] [Server thread/WARN]: To change this, set "online-mode" to "true" in the server.properties file.
[18:47:10] [Server thread/INFO]: **** Beginning UUID conversion, this may take A LONG time ****
[18:47:10] [Server thread/INFO]: Preparing level "world"
[18:47:10] [Server thread/INFO]: -------- World Settings For [world] --------
[18:47:10] [Server thread/INFO]: Item Despawn Rate: 6000
[18:47:10] [Server thread/INFO]: Item Merge Radius: 2.5
[18:47:10] [Server thread/INFO]: View Distance: 10
[18:47:10] [Server thread/INFO]: Arrow Despawn Rate: 1200
[18:47:10] [Server thread/INFO]: Zombie Aggressive Towards Villager: true
[18:47:10] [Server thread/INFO]: Allow Zombie Pigmen to spawn from portal blocks: true
[18:47:10] [Server thread/INFO]: Nerfing mobs spawned from spawners: false
[18:47:10] [Server thread/INFO]: Experience Merge Radius: 3.0
[18:47:10] [Server thread/INFO]: Mob Spawn Range: 4
[18:47:10] [Server thread/INFO]: Entity Activation Range: An 32 / Mo 32 / Mi 16
[18:47:10] [Server thread/INFO]: Entity Tracking Range: Pl 48 / An 48 / Mo 48 / Mi 32 / Other 64
[18:47:10] [Server thread/INFO]: Cactus Growth Modifier: 100%
[18:47:10] [Server thread/INFO]: Cane Growth Modifier: 100%
[18:47:10] [Server thread/INFO]: Melon Growth Modifier: 100%
[18:47:10] [Server thread/INFO]: Mushroom Growth Modifier: 100%
[18:47:10] [Server thread/INFO]: Pumpkin Growth Modifier: 100%
[18:47:10] [Server thread/INFO]: Sapling Growth Modifier: 100%
[18:47:10] [Server thread/INFO]: Wheat Growth Modifier: 100%
[18:47:10] [Server thread/INFO]: NetherWart Growth Modifier: 100%
[18:47:10] [Server thread/INFO]: Vine Growth Modifier: 100%
[18:47:10] [Server thread/INFO]: Cocoa Growth Modifier: 100%
[18:47:10] [Server thread/INFO]: Random Lighting Updates: false
[18:47:10] [Server thread/INFO]: Structure Info Saving: true
[18:47:10] [Server thread/INFO]: Max TNT Explosions: 100
[18:47:10] [Server thread/INFO]: Tile Max Tick Time: 50ms Entity max Tick Time: 50ms
[18:47:10] [Server thread/INFO]: Hopper Transfer: 8 Hopper Check: 1 Hopper Amount: 1
[18:47:10] [Server thread/INFO]: Custom Map Seeds:  Village: 10387312 Feature: 14357617 Monument: 10387313 Slime: 987234911
[18:47:12] [Server thread/INFO]: -------- World Settings For [world_nether] --------
[18:47:12] [Server thread/INFO]: Item Despawn Rate: 6000
[18:47:12] [Server thread/INFO]: Item Merge Radius: 2.5
[18:47:12] [Server thread/INFO]: View Distance: 10
[18:47:12] [Server thread/INFO]: Arrow Despawn Rate: 1200
[18:47:12] [Server thread/INFO]: Zombie Aggressive Towards Villager: true
[18:47:12] [Server thread/INFO]: Allow Zombie Pigmen to spawn from portal blocks: true
[18:47:12] [Server thread/INFO]: Nerfing mobs spawned from spawners: false
[18:47:12] [Server thread/INFO]: Experience Merge Radius: 3.0
[18:47:12] [Server thread/INFO]: Mob Spawn Range: 4
[18:47:12] [Server thread/INFO]: Entity Activation Range: An 32 / Mo 32 / Mi 16
[18:47:12] [Server thread/INFO]: Entity Tracking Range: Pl 48 / An 48 / Mo 48 / Mi 32 / Other 64
[18:47:12] [Server thread/INFO]: Cactus Growth Modifier: 100%
[18:47:12] [Server thread/INFO]: Cane Growth Modifier: 100%
[18:47:12] [Server thread/INFO]: Melon Growth Modifier: 100%
[18:47:12] [Server thread/INFO]: Mushroom Growth Modifier: 100%
[18:47:12] [Server thread/INFO]: Pumpkin Growth Modifier: 100%
[18:47:12] [Server thread/INFO]: Sapling Growth Modifier: 100%
[18:47:12] [Server thread/INFO]: Wheat Growth Modifier: 100%
[18:47:12] [Server thread/INFO]: NetherWart Growth Modifier: 100%
[18:47:12] [Server thread/INFO]: Vine Growth Modifier: 100%
[18:47:12] [Server thread/INFO]: Cocoa Growth Modifier: 100%
[18:47:12] [Server thread/INFO]: Random Lighting Updates: false
[18:47:12] [Server thread/INFO]: Structure Info Saving: true
[18:47:12] [Server thread/INFO]: Max TNT Explosions: 100
[18:47:12] [Server thread/INFO]: Tile Max Tick Time: 50ms Entity max Tick Time: 50ms
[18:47:12] [Server thread/INFO]: Hopper Transfer: 8 Hopper Check: 1 Hopper Amount: 1
[18:47:12] [Server thread/INFO]: Custom Map Seeds:  Village: 10387312 Feature: 14357617 Monument: 10387313 Slime: 987234911
[18:47:12] [Server thread/INFO]: -------- World Settings For [world_the_end] --------
[18:47:12] [Server thread/INFO]: Item Despawn Rate: 6000
[18:47:12] [Server thread/INFO]: Item Merge Radius: 2.5
[18:47:12] [Server thread/INFO]: View Distance: 10
[18:47:12] [Server thread/INFO]: Arrow Despawn Rate: 1200
[18:47:12] [Server thread/INFO]: Zombie Aggressive Towards Villager: true
[18:47:12] [Server thread/INFO]: Allow Zombie Pigmen to spawn from portal blocks: true
[18:47:12] [Server thread/INFO]: Nerfing mobs spawned from spawners: false
[18:47:12] [Server thread/INFO]: Experience Merge Radius: 3.0
[18:47:12] [Server thread/INFO]: Mob Spawn Range: 4
[18:47:12] [Server thread/INFO]: Entity Activation Range: An 32 / Mo 32 / Mi 16
[18:47:12] [Server thread/INFO]: Entity Tracking Range: Pl 48 / An 48 / Mo 48 / Mi 32 / Other 64
[18:47:12] [Server thread/INFO]: Cactus Growth Modifier: 100%
[18:47:12] [Server thread/INFO]: Cane Growth Modifier: 100%
[18:47:12] [Server thread/INFO]: Melon Growth Modifier: 100%
[18:47:12] [Server thread/INFO]: Mushroom Growth Modifier: 100%
[18:47:12] [Server thread/INFO]: Pumpkin Growth Modifier: 100%
[18:47:12] [Server thread/INFO]: Sapling Growth Modifier: 100%
[18:47:12] [Server thread/INFO]: Wheat Growth Modifier: 100%
[18:47:12] [Server thread/INFO]: NetherWart Growth Modifier: 100%
[18:47:12] [Server thread/INFO]: Vine Growth Modifier: 100%
[18:47:12] [Server thread/INFO]: Cocoa Growth Modifier: 100%
[18:47:12] [Server thread/INFO]: Random Lighting Updates: false
[18:47:12] [Server thread/INFO]: Structure Info Saving: true
[18:47:12] [Server thread/INFO]: Max TNT Explosions: 100
[18:47:12] [Server thread/INFO]: Tile Max Tick Time: 50ms Entity max Tick Time: 50ms
[18:47:12] [Server thread/INFO]: Hopper Transfer: 8 Hopper Check: 1 Hopper Amount: 1
[18:47:12] [Server thread/INFO]: Custom Map Seeds:  Village: 10387312 Feature: 14357617 Monument: 10387313 Slime: 987234911
[18:47:12] [Server thread/INFO]: Preparing start region for level 0 (Seed: 4720865751441318749)
[18:47:13] [Server thread/INFO]: Preparing spawn area: 1%
[18:47:14] [Server thread/INFO]: Preparing spawn area: 22%
[18:47:15] [Server thread/INFO]: Preparing spawn area: 44%
[18:47:16] [Server thread/INFO]: Preparing spawn area: 61%
[18:47:17] [Server thread/INFO]: Preparing spawn area: 83%
[18:47:17] [Server thread/INFO]: Preparing start region for level 1 (Seed: 4720865751441318749)
[18:47:18] [Server thread/INFO]: Preparing spawn area: 18%
[18:47:19] [Server thread/INFO]: Preparing spawn area: 40%
[18:47:20] [Server thread/INFO]: Preparing spawn area: 58%
[18:47:21] [Server thread/INFO]: Preparing spawn area: 79%
[18:47:22] [Server thread/INFO]: Preparing spawn area: 99%
[18:47:22] [Server thread/INFO]: Preparing start region for level 2 (Seed: 4720865751441318749)
[18:47:23] [Server thread/INFO]: [MineChef] Enabling MineChef v0.1-SNAPSHOT
[18:47:24] [Server thread/INFO]: Server permissions file permissions.yml is empty, ignoring it
[18:47:24] [Server thread/INFO]: Done (13.378s)! For help, type "help" or "?"
[18:47:39] [User Authenticator #1/INFO]: UUID of player OneEyedJames is 8c7a3480-4c8a-3c81-91fc-6663db695c98
[18:47:39] [Server thread/WARN]: Invalid statistic in .\world\stats\8c7a3480-4c8a-3c81-91fc-6663db695c98.json: Don't know what achievement.buildWorkBench is
[18:47:39] [Server thread/WARN]: Invalid statistic in .\world\stats\8c7a3480-4c8a-3c81-91fc-6663db695c98.json: Don't know what achievement.exploreAllBiomes is
[18:47:39] [Server thread/WARN]: Invalid statistic in .\world\stats\8c7a3480-4c8a-3c81-91fc-6663db695c98.json: Don't know what achievement.diamonds is
[18:47:39] [Server thread/WARN]: Invalid statistic in .\world\stats\8c7a3480-4c8a-3c81-91fc-6663db695c98.json: Don't know what achievement.buildPickaxe is
[18:47:39] [Server thread/WARN]: Invalid statistic in .\world\stats\8c7a3480-4c8a-3c81-91fc-6663db695c98.json: Don't know what achievement.buildBetterPickaxe is
[18:47:39] [Server thread/WARN]: Invalid statistic in .\world\stats\8c7a3480-4c8a-3c81-91fc-6663db695c98.json: Don't know what achievement.mineWood is
[18:47:39] [Server thread/WARN]: Invalid statistic in .\world\stats\8c7a3480-4c8a-3c81-91fc-6663db695c98.json: Don't know what achievement.openInventory is
[18:47:39] [Server thread/WARN]: Invalid statistic in .\world\stats\8c7a3480-4c8a-3c81-91fc-6663db695c98.json: Don't know what achievement.buildFurnace is
[18:47:39] [Server thread/WARN]: Invalid statistic in .\world\stats\8c7a3480-4c8a-3c81-91fc-6663db695c98.json: Don't know what achievement.buildHoe is
[18:47:39] [Server thread/WARN]: Invalid statistic in .\world\stats\8c7a3480-4c8a-3c81-91fc-6663db695c98.json: Don't know what achievement.acquireIron is
[18:47:39] [Server thread/INFO]: OneEyedJames[/127.0.0.1:51794] logged in with entity id 151 at ([world]220.13793579637036, 72.0, 280.01651876963285)
[18:48:19] [Server thread/INFO]: OneEyedJames lost connection: Disconnected
[18:48:19] [Server thread/INFO]: OneEyedJames left the game
[18:48:27] [Server thread/INFO]: Stopping the server
[18:48:27] [Server thread/INFO]: Stopping server
[18:48:27] [Server thread/INFO]: [MineChef] Disabling MineChef v0.1-SNAPSHOT
[18:48:27] [Server thread/INFO]: Saving players
[18:48:27] [Server thread/INFO]: Saving worlds
[18:48:27] [Server thread/INFO]: Saving chunks for level 'world'/overworld
[18:48:28] [Server thread/INFO]: Saving chunks for level 'world_nether'/the_nether
[18:48:28] [Server thread/INFO]: Saving chunks for level 'world_the_end'/the_end
