[20:07:53] [Server thread/INFO]: Loading properties
[20:07:53] [Server thread/INFO]: Default game type: SURVIVAL
[20:07:53] [Server thread/INFO]: This server is running CraftBukkit version git-Spigot-0d820fa-5717601 (MC: 1.12.1) (Implementing API version 1.12.1-R0.1-SNAPSHOT)
[20:07:53] [Server thread/INFO]: Debug logging is disabled
[20:07:53] [Server thread/INFO]: Server Ping Player Sample Count: 12
[20:07:53] [Server thread/INFO]: Using 4 threads for Netty based IO
[20:07:53] [Server thread/INFO]: Generating keypair
[20:07:53] [Server thread/INFO]: Starting Minecraft server on *:25565
[20:07:53] [Server thread/INFO]: Using default channel type
[20:07:53] [Server thread/INFO]: Set PluginClassLoader as parallel capable
[20:07:53] [Server thread/INFO]: [MineChef] Loading MineChef v0.1-SNAPSHOT
[20:07:53] [Server thread/WARN]: **** SERVER IS RUNNING IN OFFLINE/INSECURE MODE!
[20:07:53] [Server thread/WARN]: The server will make no attempt to authenticate usernames. Beware.
[20:07:53] [Server thread/WARN]: While this makes the game possible to play without internet access, it also opens up the ability for hackers to connect with any username they choose.
[20:07:53] [Server thread/WARN]: To change this, set "online-mode" to "true" in the server.properties file.
[20:07:53] [Server thread/INFO]: **** Beginning UUID conversion, this may take A LONG time ****
[20:07:53] [Server thread/INFO]: Preparing level "world"
[20:07:53] [Server thread/INFO]: -------- World Settings For [world] --------
[20:07:53] [Server thread/INFO]: Mob Spawn Range: 4
[20:07:53] [Server thread/INFO]: Max TNT Explosions: 100
[20:07:53] [Server thread/INFO]: Tile Max Tick Time: 50ms Entity max Tick Time: 50ms
[20:07:53] [Server thread/INFO]: Custom Map Seeds:  Village: 10387312 Feature: 14357617 Monument: 10387313 Slime: 987234911
[20:07:53] [Server thread/INFO]: Entity Activation Range: An 32 / Mo 32 / Mi 16
[20:07:53] [Server thread/INFO]: Entity Tracking Range: Pl 48 / An 48 / Mo 48 / Mi 32 / Other 64
[20:07:53] [Server thread/INFO]: Structure Info Saving: true
[20:07:53] [Server thread/INFO]: Hopper Transfer: 8 Hopper Check: 1 Hopper Amount: 1
[20:07:53] [Server thread/INFO]: Random Lighting Updates: false
[20:07:53] [Server thread/INFO]: Arrow Despawn Rate: 1200
[20:07:53] [Server thread/INFO]: View Distance: 10
[20:07:53] [Server thread/INFO]: Item Despawn Rate: 6000
[20:07:53] [Server thread/INFO]: Item Merge Radius: 2.5
[20:07:53] [Server thread/INFO]: Allow Zombie Pigmen to spawn from portal blocks: true
[20:07:53] [Server thread/INFO]: Experience Merge Radius: 3.0
[20:07:53] [Server thread/INFO]: Nerfing mobs spawned from spawners: false
[20:07:53] [Server thread/INFO]: Zombie Aggressive Towards Villager: true
[20:07:53] [Server thread/INFO]: Cactus Growth Modifier: 100%
[20:07:53] [Server thread/INFO]: Cane Growth Modifier: 100%
[20:07:53] [Server thread/INFO]: Melon Growth Modifier: 100%
[20:07:53] [Server thread/INFO]: Mushroom Growth Modifier: 100%
[20:07:53] [Server thread/INFO]: Pumpkin Growth Modifier: 100%
[20:07:53] [Server thread/INFO]: Sapling Growth Modifier: 100%
[20:07:53] [Server thread/INFO]: Wheat Growth Modifier: 100%
[20:07:53] [Server thread/INFO]: NetherWart Growth Modifier: 100%
[20:07:53] [Server thread/INFO]: Vine Growth Modifier: 100%
[20:07:53] [Server thread/INFO]: Cocoa Growth Modifier: 100%
[20:07:54] [Server thread/INFO]: -------- World Settings For [world_nether] --------
[20:07:54] [Server thread/INFO]: Mob Spawn Range: 4
[20:07:54] [Server thread/INFO]: Max TNT Explosions: 100
[20:07:54] [Server thread/INFO]: Tile Max Tick Time: 50ms Entity max Tick Time: 50ms
[20:07:54] [Server thread/INFO]: Custom Map Seeds:  Village: 10387312 Feature: 14357617 Monument: 10387313 Slime: 987234911
[20:07:54] [Server thread/INFO]: Entity Activation Range: An 32 / Mo 32 / Mi 16
[20:07:54] [Server thread/INFO]: Entity Tracking Range: Pl 48 / An 48 / Mo 48 / Mi 32 / Other 64
[20:07:54] [Server thread/INFO]: Structure Info Saving: true
[20:07:54] [Server thread/INFO]: Hopper Transfer: 8 Hopper Check: 1 Hopper Amount: 1
[20:07:54] [Server thread/INFO]: Random Lighting Updates: false
[20:07:54] [Server thread/INFO]: Arrow Despawn Rate: 1200
[20:07:54] [Server thread/INFO]: View Distance: 10
[20:07:54] [Server thread/INFO]: Item Despawn Rate: 6000
[20:07:54] [Server thread/INFO]: Item Merge Radius: 2.5
[20:07:54] [Server thread/INFO]: Allow Zombie Pigmen to spawn from portal blocks: true
[20:07:54] [Server thread/INFO]: Experience Merge Radius: 3.0
[20:07:54] [Server thread/INFO]: Nerfing mobs spawned from spawners: false
[20:07:54] [Server thread/INFO]: Zombie Aggressive Towards Villager: true
[20:07:54] [Server thread/INFO]: Cactus Growth Modifier: 100%
[20:07:54] [Server thread/INFO]: Cane Growth Modifier: 100%
[20:07:54] [Server thread/INFO]: Melon Growth Modifier: 100%
[20:07:54] [Server thread/INFO]: Mushroom Growth Modifier: 100%
[20:07:54] [Server thread/INFO]: Pumpkin Growth Modifier: 100%
[20:07:54] [Server thread/INFO]: Sapling Growth Modifier: 100%
[20:07:54] [Server thread/INFO]: Wheat Growth Modifier: 100%
[20:07:54] [Server thread/INFO]: NetherWart Growth Modifier: 100%
[20:07:54] [Server thread/INFO]: Vine Growth Modifier: 100%
[20:07:54] [Server thread/INFO]: Cocoa Growth Modifier: 100%
[20:07:54] [Server thread/INFO]: -------- World Settings For [world_the_end] --------
[20:07:54] [Server thread/INFO]: Mob Spawn Range: 4
[20:07:54] [Server thread/INFO]: Max TNT Explosions: 100
[20:07:54] [Server thread/INFO]: Tile Max Tick Time: 50ms Entity max Tick Time: 50ms
[20:07:54] [Server thread/INFO]: Custom Map Seeds:  Village: 10387312 Feature: 14357617 Monument: 10387313 Slime: 987234911
[20:07:54] [Server thread/INFO]: Entity Activation Range: An 32 / Mo 32 / Mi 16
[20:07:54] [Server thread/INFO]: Entity Tracking Range: Pl 48 / An 48 / Mo 48 / Mi 32 / Other 64
[20:07:54] [Server thread/INFO]: Structure Info Saving: true
[20:07:54] [Server thread/INFO]: Hopper Transfer: 8 Hopper Check: 1 Hopper Amount: 1
[20:07:54] [Server thread/INFO]: Random Lighting Updates: false
[20:07:54] [Server thread/INFO]: Arrow Despawn Rate: 1200
[20:07:54] [Server thread/INFO]: View Distance: 10
[20:07:54] [Server thread/INFO]: Item Despawn Rate: 6000
[20:07:54] [Server thread/INFO]: Item Merge Radius: 2.5
[20:07:54] [Server thread/INFO]: Allow Zombie Pigmen to spawn from portal blocks: true
[20:07:54] [Server thread/INFO]: Experience Merge Radius: 3.0
[20:07:54] [Server thread/INFO]: Nerfing mobs spawned from spawners: false
[20:07:54] [Server thread/INFO]: Zombie Aggressive Towards Villager: true
[20:07:54] [Server thread/INFO]: Cactus Growth Modifier: 100%
[20:07:54] [Server thread/INFO]: Cane Growth Modifier: 100%
[20:07:54] [Server thread/INFO]: Melon Growth Modifier: 100%
[20:07:54] [Server thread/INFO]: Mushroom Growth Modifier: 100%
[20:07:54] [Server thread/INFO]: Pumpkin Growth Modifier: 100%
[20:07:54] [Server thread/INFO]: Sapling Growth Modifier: 100%
[20:07:54] [Server thread/INFO]: Wheat Growth Modifier: 100%
[20:07:54] [Server thread/INFO]: NetherWart Growth Modifier: 100%
[20:07:54] [Server thread/INFO]: Vine Growth Modifier: 100%
[20:07:54] [Server thread/INFO]: Cocoa Growth Modifier: 100%
[20:07:54] [Server thread/INFO]: Preparing start region for level 0 (Seed: -9065479248748140566)
[20:07:55] [Server thread/INFO]: Preparing spawn area: 23%
[20:07:56] [Server thread/INFO]: Preparing spawn area: 64%
[20:07:57] [Server thread/INFO]: Preparing start region for level 1 (Seed: -9065479248748140566)
[20:07:58] [Server thread/INFO]: Preparing spawn area: 68%
[20:07:58] [Server thread/INFO]: Preparing start region for level 2 (Seed: -9065479248748140566)
[20:07:59] [Server thread/INFO]: [MineChef] Enabling MineChef v0.1-SNAPSHOT
[20:07:59] [Server thread/INFO]: Server permissions file permissions.yml is empty, ignoring it
[20:07:59] [Server thread/INFO]: Done (5.465s)! For help, type "help" or "?"
[20:08:10] [User Authenticator #1/INFO]: UUID of player Andrew is e3b5e958-66d0-3326-b46f-86f10441d740
[20:08:10] [Server thread/INFO]: Andrew[/127.0.0.1:50385] logged in with entity id 162 at ([world]-244.5, 70.0, 247.5)
[20:12:49] [Server thread/INFO]: Andrew has made the advancement [A Seedy Place]
[20:13:19] [Server thread/INFO]: Andrew has made the advancement [We Need to Go Deeper]
[20:14:53] [Server thread/INFO]: Andrew has made the advancement [Sweet dreams]
[20:26:41] [Server thread/INFO]: Andrew lost connection: Disconnected
[20:26:41] [Server thread/INFO]: Andrew left the game
[20:26:48] [Server thread/INFO]: Stopping the server
[20:26:48] [Server thread/INFO]: Stopping server
[20:26:48] [Server thread/INFO]: [MineChef] Disabling MineChef v0.1-SNAPSHOT
[20:26:48] [Server thread/INFO]: Saving players
[20:26:49] [Server thread/INFO]: Saving worlds
[20:26:49] [Server thread/INFO]: Saving chunks for level 'world'/overworld
[20:26:49] [Server thread/INFO]: Saving chunks for level 'world_nether'/the_nether
[20:26:49] [Server thread/INFO]: Saving chunks for level 'world_the_end'/the_end
