[19:00:36] [Server thread/INFO]: Starting minecraft server version 1.11.2
[19:00:36] [Server thread/INFO]: Loading properties
[19:00:36] [Server thread/INFO]: Default game type: SURVIVAL
[19:00:37] [Server thread/INFO]: This server is running CraftBukkit version git-Spigot-96235ab-2aa5ac6 (MC: 1.11.2) (Implementing API version 1.11.2-R0.1-SNAPSHOT)
[19:00:37] [Server thread/INFO]: Debug logging is disabled
[19:00:37] [Server thread/INFO]: Server Ping Player Sample Count: 12
[19:00:37] [Server thread/INFO]: Using 4 threads for Netty based IO
[19:00:38] [Server thread/INFO]: Generating keypair
[19:00:38] [Server thread/INFO]: Starting Minecraft server on *:25565
[19:00:38] [Server thread/INFO]: Using default channel type
[19:00:39] [Server thread/INFO]: Set PluginClassLoader as parallel capable
[19:00:39] [Server thread/INFO]: [MineChef] Loading MineChef v0.1-SNAPSHOT
[19:00:39] [Server thread/WARN]: **** SERVER IS RUNNING IN OFFLINE/INSECURE MODE!
[19:00:39] [Server thread/WARN]: The server will make no attempt to authenticate usernames. Beware.
[19:00:39] [Server thread/WARN]: While this makes the game possible to play without internet access, it also opens up the ability for hackers to connect with any username they choose.
[19:00:39] [Server thread/WARN]: To change this, set "online-mode" to "true" in the server.properties file.
[19:00:39] [Server thread/INFO]: **** Beginning UUID conversion, this may take A LONG time ****
[19:00:39] [Server thread/INFO]: Preparing level "world"
[19:00:39] [Server thread/INFO]: -------- World Settings For [world] --------
[19:00:39] [Server thread/INFO]: Item Despawn Rate: 6000
[19:00:39] [Server thread/INFO]: Item Merge Radius: 2.5
[19:00:39] [Server thread/INFO]: View Distance: 10
[19:00:39] [Server thread/INFO]: Experience Merge Radius: 3.0
[19:00:39] [Server thread/INFO]: Zombie Aggressive Towards Villager: true
[19:00:39] [Server thread/INFO]: Nerfing mobs spawned from spawners: false
[19:00:39] [Server thread/INFO]: Arrow Despawn Rate: 1200
[19:00:39] [Server thread/INFO]: Allow Zombie Pigmen to spawn from portal blocks: true
[19:00:39] [Server thread/INFO]: Mob Spawn Range: 4
[19:00:39] [Server thread/INFO]: Cactus Growth Modifier: 100%
[19:00:39] [Server thread/INFO]: Cane Growth Modifier: 100%
[19:00:39] [Server thread/INFO]: Melon Growth Modifier: 100%
[19:00:39] [Server thread/INFO]: Mushroom Growth Modifier: 100%
[19:00:39] [Server thread/INFO]: Pumpkin Growth Modifier: 100%
[19:00:39] [Server thread/INFO]: Sapling Growth Modifier: 100%
[19:00:39] [Server thread/INFO]: Wheat Growth Modifier: 100%
[19:00:39] [Server thread/INFO]: NetherWart Growth Modifier: 100%
[19:00:39] [Server thread/INFO]: Vine Growth Modifier: 100%
[19:00:39] [Server thread/INFO]: Cocoa Growth Modifier: 100%
[19:00:39] [Server thread/INFO]: Entity Activation Range: An 32 / Mo 32 / Mi 16
[19:00:39] [Server thread/INFO]: Entity Tracking Range: Pl 48 / An 48 / Mo 48 / Mi 32 / Other 64
[19:00:39] [Server thread/INFO]: Hopper Transfer: 8 Hopper Check: 1 Hopper Amount: 1
[19:00:39] [Server thread/INFO]: Random Lighting Updates: false
[19:00:39] [Server thread/INFO]: Structure Info Saving: true
[19:00:39] [Server thread/INFO]: Custom Map Seeds:  Village: 10387312 Feature: 14357617 Monument: 10387313 Slime: 987234911
[19:00:39] [Server thread/INFO]: Max TNT Explosions: 100
[19:00:39] [Server thread/INFO]: Tile Max Tick Time: 50ms Entity max Tick Time: 50ms
[19:00:39] [Server thread/INFO]: -------- World Settings For [world_nether] --------
[19:00:39] [Server thread/INFO]: Item Despawn Rate: 6000
[19:00:39] [Server thread/INFO]: Item Merge Radius: 2.5
[19:00:39] [Server thread/INFO]: View Distance: 10
[19:00:39] [Server thread/INFO]: Experience Merge Radius: 3.0
[19:00:39] [Server thread/INFO]: Zombie Aggressive Towards Villager: true
[19:00:39] [Server thread/INFO]: Nerfing mobs spawned from spawners: false
[19:00:39] [Server thread/INFO]: Arrow Despawn Rate: 1200
[19:00:39] [Server thread/INFO]: Allow Zombie Pigmen to spawn from portal blocks: true
[19:00:39] [Server thread/INFO]: Mob Spawn Range: 4
[19:00:39] [Server thread/INFO]: Cactus Growth Modifier: 100%
[19:00:39] [Server thread/INFO]: Cane Growth Modifier: 100%
[19:00:39] [Server thread/INFO]: Melon Growth Modifier: 100%
[19:00:39] [Server thread/INFO]: Mushroom Growth Modifier: 100%
[19:00:39] [Server thread/INFO]: Pumpkin Growth Modifier: 100%
[19:00:39] [Server thread/INFO]: Sapling Growth Modifier: 100%
[19:00:39] [Server thread/INFO]: Wheat Growth Modifier: 100%
[19:00:39] [Server thread/INFO]: NetherWart Growth Modifier: 100%
[19:00:39] [Server thread/INFO]: Vine Growth Modifier: 100%
[19:00:39] [Server thread/INFO]: Cocoa Growth Modifier: 100%
[19:00:39] [Server thread/INFO]: Entity Activation Range: An 32 / Mo 32 / Mi 16
[19:00:39] [Server thread/INFO]: Entity Tracking Range: Pl 48 / An 48 / Mo 48 / Mi 32 / Other 64
[19:00:39] [Server thread/INFO]: Hopper Transfer: 8 Hopper Check: 1 Hopper Amount: 1
[19:00:39] [Server thread/INFO]: Random Lighting Updates: false
[19:00:39] [Server thread/INFO]: Structure Info Saving: true
[19:00:39] [Server thread/INFO]: Custom Map Seeds:  Village: 10387312 Feature: 14357617 Monument: 10387313 Slime: 987234911
[19:00:39] [Server thread/INFO]: Max TNT Explosions: 100
[19:00:39] [Server thread/INFO]: Tile Max Tick Time: 50ms Entity max Tick Time: 50ms
[19:00:40] [Server thread/INFO]: -------- World Settings For [world_the_end] --------
[19:00:40] [Server thread/INFO]: Item Despawn Rate: 6000
[19:00:40] [Server thread/INFO]: Item Merge Radius: 2.5
[19:00:40] [Server thread/INFO]: View Distance: 10
[19:00:40] [Server thread/INFO]: Experience Merge Radius: 3.0
[19:00:40] [Server thread/INFO]: Zombie Aggressive Towards Villager: true
[19:00:40] [Server thread/INFO]: Nerfing mobs spawned from spawners: false
[19:00:40] [Server thread/INFO]: Arrow Despawn Rate: 1200
[19:00:40] [Server thread/INFO]: Allow Zombie Pigmen to spawn from portal blocks: true
[19:00:40] [Server thread/INFO]: Mob Spawn Range: 4
[19:00:40] [Server thread/INFO]: Cactus Growth Modifier: 100%
[19:00:40] [Server thread/INFO]: Cane Growth Modifier: 100%
[19:00:40] [Server thread/INFO]: Melon Growth Modifier: 100%
[19:00:40] [Server thread/INFO]: Mushroom Growth Modifier: 100%
[19:00:40] [Server thread/INFO]: Pumpkin Growth Modifier: 100%
[19:00:40] [Server thread/INFO]: Sapling Growth Modifier: 100%
[19:00:40] [Server thread/INFO]: Wheat Growth Modifier: 100%
[19:00:40] [Server thread/INFO]: NetherWart Growth Modifier: 100%
[19:00:40] [Server thread/INFO]: Vine Growth Modifier: 100%
[19:00:40] [Server thread/INFO]: Cocoa Growth Modifier: 100%
[19:00:40] [Server thread/INFO]: Entity Activation Range: An 32 / Mo 32 / Mi 16
[19:00:40] [Server thread/INFO]: Entity Tracking Range: Pl 48 / An 48 / Mo 48 / Mi 32 / Other 64
[19:00:40] [Server thread/INFO]: Hopper Transfer: 8 Hopper Check: 1 Hopper Amount: 1
[19:00:40] [Server thread/INFO]: Random Lighting Updates: false
[19:00:40] [Server thread/INFO]: Structure Info Saving: true
[19:00:40] [Server thread/INFO]: Custom Map Seeds:  Village: 10387312 Feature: 14357617 Monument: 10387313 Slime: 987234911
[19:00:40] [Server thread/INFO]: Max TNT Explosions: 100
[19:00:40] [Server thread/INFO]: Tile Max Tick Time: 50ms Entity max Tick Time: 50ms
[19:00:40] [Server thread/INFO]: Preparing start region for level 0 (Seed: -6633558560428708970)
[19:00:41] [Server thread/INFO]: Preparing spawn area: 1%
[19:00:42] [Server thread/INFO]: Preparing spawn area: 29%
[19:00:43] [Server thread/INFO]: Preparing spawn area: 34%
[19:00:44] [Server thread/INFO]: Preparing spawn area: 39%
[19:00:45] [Server thread/INFO]: Preparing spawn area: 46%
[19:00:46] [Server thread/INFO]: Preparing spawn area: 52%
[19:00:47] [Server thread/INFO]: Preparing spawn area: 58%
[19:00:48] [Server thread/INFO]: Preparing spawn area: 65%
[19:00:49] [Server thread/INFO]: Preparing spawn area: 72%
[19:00:50] [Server thread/INFO]: Preparing spawn area: 78%
[19:00:51] [Server thread/INFO]: Preparing spawn area: 88%
[19:00:52] [Server thread/INFO]: Preparing start region for level 1 (Seed: -6633558560428708970)
[19:00:53] [Server thread/INFO]: Preparing spawn area: 26%
[19:00:54] [Server thread/INFO]: Preparing spawn area: 58%
[19:00:55] [Server thread/INFO]: Preparing start region for level 2 (Seed: -6633558560428708970)
[19:00:56] [Server thread/INFO]: Preparing spawn area: 19%
[19:00:57] [Server thread/INFO]: Preparing spawn area: 29%
[19:00:58] [Server thread/INFO]: Preparing spawn area: 73%
[19:00:58] [Server thread/INFO]: [MineChef] Enabling MineChef v0.1-SNAPSHOT
[19:00:58] [Server thread/INFO]: Server permissions file permissions.yml is empty, ignoring it
[19:00:58] [Server thread/INFO]: Done (18.909s)! For help, type "help" or "?"
[19:01:05] [User Authenticator #1/INFO]: UUID of player Andrew is e3b5e958-66d0-3326-b46f-86f10441d740
[19:01:07] [Server thread/INFO]: Andrew[/127.0.0.1:63807] logged in with entity id 125 at ([world]-279.03198153853157, 71.0, 193.1217404717255)
[20:15:55] [Server thread/INFO]: Andrew lost connection: Disconnected
[20:15:55] [Server thread/INFO]: Andrew left the game
[20:15:58] [User Authenticator #2/INFO]: UUID of player Andrew is e3b5e958-66d0-3326-b46f-86f10441d740
[20:15:58] [Server thread/INFO]: Andrew[/127.0.0.1:53802] logged in with entity id 1322 at ([world]-296.3913704993977, 72.74716958014434, 216.61487684962057)
[20:16:07] [Server thread/INFO]: Andrew lost connection: Disconnected
[20:16:07] [Server thread/INFO]: Andrew left the game
[20:16:12] [Server thread/INFO]: Stopping the server
[20:16:12] [Server thread/INFO]: Stopping server
[20:16:12] [Server thread/INFO]: [MineChef] Disabling MineChef v0.1-SNAPSHOT
[20:16:12] [Server thread/INFO]: Saving players
[20:16:12] [Server thread/INFO]: Saving worlds
[20:16:12] [Server thread/INFO]: Saving chunks for level 'world'/Overworld
[20:16:12] [Server thread/INFO]: Saving chunks for level 'world_nether'/Nether
[20:16:12] [Server thread/INFO]: Saving chunks for level 'world_the_end'/The End
